#2.0#2024 04 01 18:02:15.930#Z#INFO#com.sap.cloud.lm.sl.xs2.f937e10c-f051-11ee-b31b-eeee0a85a904.OPERATION.startEvent#
######org.cloudfoundry.multiapps.controller.persistence.services.ProcessLogger########http-nio-0.0.0.0-8080-exec-2###
[XS2StartProcessListener] Operation ID: f937e10c-f051-11ee-b31b-eeee0a85a904#

#2.0#2024 04 01 18:02:15.948#Z#DEBUG#com.sap.cloud.lm.sl.xs2.f937e10c-f051-11ee-b31b-eeee0a85a904.OPERATION.startEvent#
######org.cloudfoundry.multiapps.controller.persistence.services.ProcessLogger########http-nio-0.0.0.0-8080-exec-2###
[XS2StartProcessListener] Process environment: {
  "SKIP_SSL_VALIDATION" : "false",
  "FLOWABLE_JOB_EXECUTOR_MAX_THREADS" : "32",
  "VERSION" : "2.0.6",
  "BASIC_AUTH_ENABLED" : "true",
  "FLOWABLE_JOB_EXECUTOR_QUEUE_CAPACITY" : "16",
  "FLOWABLE_JOB_EXECUTOR_CORE_THREADS" : "8"
}#

#2.0#2024 04 01 18:02:15.948#Z#DEBUG#com.sap.cloud.lm.sl.xs2.f937e10c-f051-11ee-b31b-eeee0a85a904.OPERATION.startEvent#
######org.cloudfoundry.multiapps.controller.persistence.services.ProcessLogger########http-nio-0.0.0.0-8080-exec-2###
[XS2StartProcessListener] Current user: bryan.cash78@gmail.com#

#2.0#2024 04 01 18:02:15.948#Z#DEBUG#com.sap.cloud.lm.sl.xs2.f937e10c-f051-11ee-b31b-eeee0a85a904.OPERATION.startEvent#
######org.cloudfoundry.multiapps.controller.persistence.services.ProcessLogger########http-nio-0.0.0.0-8080-exec-2###
[XS2StartProcessListener] Client space: dev#

#2.0#2024 04 01 18:02:15.948#Z#DEBUG#com.sap.cloud.lm.sl.xs2.f937e10c-f051-11ee-b31b-eeee0a85a904.OPERATION.startEvent#
######org.cloudfoundry.multiapps.controller.persistence.services.ProcessLogger########http-nio-0.0.0.0-8080-exec-2###
[XS2StartProcessListener] Client organization: 948a4dactrial#

#2.0#2024 04 01 18:02:15.948#Z#INFO#com.sap.cloud.lm.sl.xs2.f937e10c-f051-11ee-b31b-eeee0a85a904.OPERATION.startEvent#
######org.cloudfoundry.multiapps.controller.persistence.services.ProcessLogger########http-nio-0.0.0.0-8080-exec-2###
[XS2StartProcessListener] Process variables: {
  "abortOnError" : false,
  "mtaId" : "Products",
  "keepFiles" : false,
  "noFailOnMissingPermissions" : false,
  "deleteServiceBrokers" : false,
  "appArchiveId" : "6f03c2a4-5679-47ab-890b-a1164869ff75",
  "deleteServiceKeys" : false,
  "noRestartSubscribedApps" : false,
  "noStart" : false,
  "deleteServices" : false
}#

#2.0#2024 04 01 18:02:16.000#Z#DEBUG#com.sap.cloud.lm.sl.xs2.f937e10c-f051-11ee-b31b-eeee0a85a904.OPERATION.validateParametersTask#
######org.cloudfoundry.multiapps.controller.persistence.services.ProcessLogger########flowable-async-job-executor-thread-8113###
[ValidateDeployParametersStep] Executing task "validateParametersTask" of process "f937e128-f051-11ee-b31b-eeee0a85a904"...#

#2.0#2024 04 01 18:02:16.000#Z#DEBUG#com.sap.cloud.lm.sl.xs2.f937e10c-f051-11ee-b31b-eeee0a85a904.OPERATION.validateParametersTask#
######org.cloudfoundry.multiapps.controller.persistence.services.ProcessLogger########flowable-async-job-executor-thread-8113###
[ValidateDeployParametersStep] Validating parameters...#

#2.0#2024 04 01 18:02:16.000#Z#INFO#com.sap.cloud.lm.sl.xs2.f937e10c-f051-11ee-b31b-eeee0a85a904.OPERATION.validateParametersTask#
######org.cloudfoundry.multiapps.controller.persistence.services.ProcessLogger########flowable-async-job-executor-thread-8113###
[ValidateDeployParametersStep] Deploying in org "948a4dactrial" and space "dev"#

#2.0#2024 04 01 18:02:16.010#Z#DEBUG#com.sap.cloud.lm.sl.xs2.f937e10c-f051-11ee-b31b-eeee0a85a904.OPERATION.validateParametersTask#
######org.cloudfoundry.multiapps.controller.persistence.services.ProcessLogger########flowable-async-job-executor-thread-8113###
[ValidateDeployParametersStep] Parameters validated#

#2.0#2024 04 01 18:02:16.010#Z#DEBUG#com.sap.cloud.lm.sl.xs2.f937e10c-f051-11ee-b31b-eeee0a85a904.OPERATION.validateParametersTask#
######org.cloudfoundry.multiapps.controller.persistence.services.ProcessLogger########flowable-async-job-executor-thread-8113###
Step "Validate Parameters" finished#

#2.0#2024 04 01 18:02:16.058#Z#DEBUG#com.sap.cloud.lm.sl.xs2.f937e10c-f051-11ee-b31b-eeee0a85a904.OPERATION.deleteRemainingFileParts#
######org.cloudfoundry.multiapps.controller.persistence.services.ProcessLogger########flowable-async-job-executor-thread-8114###
[DeleteRemainingFileParts] Executing task "deleteRemainingFileParts" of process "f937e128-f051-11ee-b31b-eeee0a85a904"...#

#2.0#2024 04 01 18:02:16.060#Z#DEBUG#com.sap.cloud.lm.sl.xs2.f937e10c-f051-11ee-b31b-eeee0a85a904.OPERATION.deleteRemainingFileParts#
######org.cloudfoundry.multiapps.controller.persistence.services.ProcessLogger########flowable-async-job-executor-thread-8114###
Step "Delete Remaining File Parts" finished#

#2.0#2024 04 01 18:02:16.113#Z#DEBUG#com.sap.cloud.lm.sl.xs2.f937e10c-f051-11ee-b31b-eeee0a85a904.OPERATION.processArchiveTask#
######org.cloudfoundry.multiapps.controller.persistence.services.ProcessLogger########flowable-async-job-executor-thread-8115###
[XS2ProcessMtaArchiveStep] Executing task "processArchiveTask" of process "f937e128-f051-11ee-b31b-eeee0a85a904"...#

#2.0#2024 04 01 18:02:16.115#Z#DEBUG#com.sap.cloud.lm.sl.xs2.f937e10c-f051-11ee-b31b-eeee0a85a904.OPERATION.processArchiveTask#
######org.cloudfoundry.multiapps.controller.persistence.services.ProcessLogger########flowable-async-job-executor-thread-8115###
[XS2ProcessMtaArchiveStep] Processing MTA archive...#

#2.0#2024 04 01 18:02:16.115#Z#DEBUG#com.sap.cloud.lm.sl.xs2.f937e10c-f051-11ee-b31b-eeee0a85a904.OPERATION.processArchiveTask#
######org.cloudfoundry.multiapps.controller.persistence.services.ProcessLogger########flowable-async-job-executor-thread-8115###
[XS2ProcessMtaArchiveStep] MTA Archive ID: 6f03c2a4-5679-47ab-890b-a1164869ff75#

#2.0#2024 04 01 18:02:16.135#Z#DEBUG#com.sap.cloud.lm.sl.xs2.f937e10c-f051-11ee-b31b-eeee0a85a904.OPERATION.processArchiveTask#
######org.cloudfoundry.multiapps.controller.persistence.services.ProcessLogger########flowable-async-job-executor-thread-8115###
[XS2ProcessMtaArchiveStep] MTA Descriptor length: 1,012#

#2.0#2024 04 01 18:02:16.152#Z#DEBUG#com.sap.cloud.lm.sl.xs2.f937e10c-f051-11ee-b31b-eeee0a85a904.OPERATION.processArchiveTask#
######org.cloudfoundry.multiapps.controller.persistence.services.ProcessLogger########flowable-async-job-executor-thread-8115###
[XS2ProcessMtaArchiveStep] MTA Archive Modules: [Products-app-content]#

#2.0#2024 04 01 18:02:16.152#Z#DEBUG#com.sap.cloud.lm.sl.xs2.f937e10c-f051-11ee-b31b-eeee0a85a904.OPERATION.processArchiveTask#
######org.cloudfoundry.multiapps.controller.persistence.services.ProcessLogger########flowable-async-job-executor-thread-8115###
[XS2ProcessMtaArchiveStep] MTA Archive Requires: []#

#2.0#2024 04 01 18:02:16.152#Z#DEBUG#com.sap.cloud.lm.sl.xs2.f937e10c-f051-11ee-b31b-eeee0a85a904.OPERATION.processArchiveTask#
######org.cloudfoundry.multiapps.controller.persistence.services.ProcessLogger########flowable-async-job-executor-thread-8115###
[XS2ProcessMtaArchiveStep] MTA Archive Resources: []#

#2.0#2024 04 01 18:02:16.164#Z#DEBUG#com.sap.cloud.lm.sl.xs2.f937e10c-f051-11ee-b31b-eeee0a85a904.OPERATION.processArchiveTask#
######org.cloudfoundry.multiapps.controller.persistence.services.ProcessLogger########flowable-async-job-executor-thread-8115###
[XS2ProcessMtaArchiveStep] MTA archive processed#

#2.0#2024 04 01 18:02:16.164#Z#DEBUG#com.sap.cloud.lm.sl.xs2.f937e10c-f051-11ee-b31b-eeee0a85a904.OPERATION.processArchiveTask#
######org.cloudfoundry.multiapps.controller.persistence.services.ProcessLogger########flowable-async-job-executor-thread-8115###
Step "Process Archive" finished#

#2.0#2024 04 01 18:02:16.208#Z#DEBUG#com.sap.cloud.lm.sl.xs2.f937e10c-f051-11ee-b31b-eeee0a85a904.OPERATION.processExtensionDescriptorsTask#
######org.cloudfoundry.multiapps.controller.persistence.services.ProcessLogger########flowable-async-job-executor-thread-8116###
[ProcessMtaExtensionDescriptorsStep] Executing task "processExtensionDescriptorsTask" of process "f937e128-f051-11ee-b31b-eeee0a85a904"...#

#2.0#2024 04 01 18:02:16.209#Z#DEBUG#com.sap.cloud.lm.sl.xs2.f937e10c-f051-11ee-b31b-eeee0a85a904.OPERATION.processExtensionDescriptorsTask#
######org.cloudfoundry.multiapps.controller.persistence.services.ProcessLogger########flowable-async-job-executor-thread-8116###
[ProcessMtaExtensionDescriptorsStep] Processing MTA extension descriptors...#

#2.0#2024 04 01 18:02:16.209#Z#DEBUG#com.sap.cloud.lm.sl.xs2.f937e10c-f051-11ee-b31b-eeee0a85a904.OPERATION.processExtensionDescriptorsTask#
######org.cloudfoundry.multiapps.controller.persistence.services.ProcessLogger########flowable-async-job-executor-thread-8116###
[ProcessMtaExtensionDescriptorsStep] Extension descriptors: [ ]#

#2.0#2024 04 01 18:02:16.210#Z#DEBUG#com.sap.cloud.lm.sl.xs2.f937e10c-f051-11ee-b31b-eeee0a85a904.OPERATION.processExtensionDescriptorsTask#
######org.cloudfoundry.multiapps.controller.persistence.services.ProcessLogger########flowable-async-job-executor-thread-8116###
[ProcessMtaExtensionDescriptorsStep] No extension descriptors provided#

#2.0#2024 04 01 18:02:16.210#Z#DEBUG#com.sap.cloud.lm.sl.xs2.f937e10c-f051-11ee-b31b-eeee0a85a904.OPERATION.processExtensionDescriptorsTask#
######org.cloudfoundry.multiapps.controller.persistence.services.ProcessLogger########flowable-async-job-executor-thread-8116###
[ProcessMtaExtensionDescriptorsStep] MTA extension descriptors processed#

#2.0#2024 04 01 18:02:16.210#Z#DEBUG#com.sap.cloud.lm.sl.xs2.f937e10c-f051-11ee-b31b-eeee0a85a904.OPERATION.processExtensionDescriptorsTask#
######org.cloudfoundry.multiapps.controller.persistence.services.ProcessLogger########flowable-async-job-executor-thread-8116###
Step "Process Extension Descriptors" finished#

#2.0#2024 04 01 18:02:16.247#Z#DEBUG#com.sap.cloud.lm.sl.xs2.f937e10c-f051-11ee-b31b-eeee0a85a904.OPERATION.detectSchemaVersionTask#
######org.cloudfoundry.multiapps.controller.persistence.services.ProcessLogger########flowable-async-job-executor-thread-8111###
[DetectMtaSchemaVersionStep] Executing task "detectSchemaVersionTask" of process "f937e128-f051-11ee-b31b-eeee0a85a904"...#

#2.0#2024 04 01 18:02:16.249#Z#DEBUG#com.sap.cloud.lm.sl.xs2.f937e10c-f051-11ee-b31b-eeee0a85a904.OPERATION.detectSchemaVersionTask#
######org.cloudfoundry.multiapps.controller.persistence.services.ProcessLogger########flowable-async-job-executor-thread-8111###
[DetectMtaSchemaVersionStep] Detecting MTA major schema version...#

#2.0#2024 04 01 18:02:16.250#Z#INFO#com.sap.cloud.lm.sl.xs2.f937e10c-f051-11ee-b31b-eeee0a85a904.OPERATION.detectSchemaVersionTask#
######org.cloudfoundry.multiapps.controller.persistence.services.ProcessLogger########flowable-async-job-executor-thread-8111###
[DetectMtaSchemaVersionStep] Detected MTA schema version: "3"#

#2.0#2024 04 01 18:02:16.256#Z#DEBUG#com.sap.cloud.lm.sl.xs2.f937e10c-f051-11ee-b31b-eeee0a85a904.OPERATION.detectSchemaVersionTask#
######org.cloudfoundry.multiapps.controller.persistence.services.ProcessLogger########flowable-async-job-executor-thread-8111###
Step "Detect Schema Version" finished#

#2.0#2024 04 01 18:02:16.290#Z#DEBUG#com.sap.cloud.lm.sl.xs2.f937e10c-f051-11ee-b31b-eeee0a85a904.OPERATION.mergeDescriptorsTask#
######org.cloudfoundry.multiapps.controller.persistence.services.ProcessLogger########flowable-async-job-executor-thread-8110###
[MergeDescriptorsStep] Executing task "mergeDescriptorsTask" of process "f937e128-f051-11ee-b31b-eeee0a85a904"...#

#2.0#2024 04 01 18:02:16.291#Z#DEBUG#com.sap.cloud.lm.sl.xs2.f937e10c-f051-11ee-b31b-eeee0a85a904.OPERATION.mergeDescriptorsTask#
######org.cloudfoundry.multiapps.controller.persistence.services.ProcessLogger########flowable-async-job-executor-thread-8110###
[MergeDescriptorsStep] Validating and merging descriptors...#

#2.0#2024 04 01 18:02:16.293#Z#DEBUG#com.sap.cloud.lm.sl.xs2.f937e10c-f051-11ee-b31b-eeee0a85a904.OPERATION.mergeDescriptorsTask#
######org.cloudfoundry.multiapps.controller.persistence.services.ProcessLogger########flowable-async-job-executor-thread-8110###
[MergeDescriptorsStep] Merged deployment descriptor: {
  "majorSchemaVersion" : 3,
  "schemaVersion" : "3.2.0",
  "id" : "Products",
  "version" : "0.0.1",
  "modules" : [ {
    "majorSchemaVersion" : 3,
    "name" : "Products-app-content",
    "type" : "com.sap.application.content",
    "path" : "Products-app-content",
    "properties" : { },
    "parameters" : { },
    "requiredDependencies" : [ {
      "majorSchemaVersion" : 3,
      "name" : "Products-repo-host",
      "properties" : { },
      "parameters" : {
        "content-target" : true
      },
      "propertiesMetadata" : {
        "metadata" : { }
      },
      "parametersMetadata" : {
        "metadata" : { }
      }
    } ],
    "providedDependencies" : [ {
      "majorSchemaVersion" : 3,
      "name" : "Products-app-content",
      "isPublic" : false,
      "properties" : { },
      "parameters" : { },
      "propertiesMetadata" : {
        "metadata" : { }
      },
      "parametersMetadata" : {
        "metadata" : { }
      }
    } ],
    "propertiesMetadata" : {
      "metadata" : { }
    },
    "parametersMetadata" : {
      "metadata" : { }
    },
    "hooks" : [ ]
  } ],
  "resources" : [ {
    "majorSchemaVersion" : 3,
    "name" : "Products-repo-host",
    "type" : "org.cloudfoundry.managed-service",
    "properties" : { },
    "parameters" : {
      "service-name" : "Products-html5-srv",
      "service-plan" : "app-host",
      "type" : "managed-service",
      "service" : "html5-apps-repo"
    },
    "isActive" : true,
    "isOptional" : false,
    "propertiesMetadata" : {
      "metadata" : { }
    },
    "parametersMetadata" : {
      "metadata" : { }
    },
    "requiredDependencies" : [ ],
    "processedAfter" : [ ]
  }, {
    "majorSchemaVersion" : 3,
    "name" : "Products-destination-service",
    "type" : "org.cloudfoundry.managed-service",
    "properties" : { },
    "parameters" : {
      "service-name" : "Products-destination-service",
      "service-plan" : "lite",
      "service" : "destination",
      "sap.cloud.service" : "products",
      "type" : "managed-service",
      "config" : {
        "HTML5Runtime_enabled" : true,
        "init_data" : {
          "instance" : {
            "destinations" : [ {
              "Authentication" : "********",
              "Name" : "ui5",
              "ProxyType" : "Internet",
              "Type" : "HTTP",
              "URL" : "https://ui5.sap.com"
            } ],
            "existing_destinations_policy" : "update"
          }
        },
        "version" : "1.0.0"
      }
    },
    "isActive" : true,
    "isOptional" : false,
    "propertiesMetadata" : {
      "metadata" : { }
    },
    "parametersMetadata" : {
      "metadata" : { }
    },
    "requiredDependencies" : [ ],
    "processedAfter" : [ ]
  } ],
  "parameters" : {
    "deploy_mode" : "html5-repo"
  },
  "parametersMetadata" : {
    "metadata" : { }
  }
}#

#2.0#2024 04 01 18:02:16.294#Z#DEBUG#com.sap.cloud.lm.sl.xs2.f937e10c-f051-11ee-b31b-eeee0a85a904.OPERATION.mergeDescriptorsTask#
######org.cloudfoundry.multiapps.controller.persistence.services.ProcessLogger########flowable-async-job-executor-thread-8110###
[MergeDescriptorsStep] Descriptors validated and merged#

#2.0#2024 04 01 18:02:16.294#Z#DEBUG#com.sap.cloud.lm.sl.xs2.f937e10c-f051-11ee-b31b-eeee0a85a904.OPERATION.mergeDescriptorsTask#
######org.cloudfoundry.multiapps.controller.persistence.services.ProcessLogger########flowable-async-job-executor-thread-8110###
Step "Merge Descriptors" finished#

#2.0#2024 04 01 18:02:16.329#Z#DEBUG#com.sap.cloud.lm.sl.xs2.f937e10c-f051-11ee-b31b-eeee0a85a904.OPERATION.detectDeployedMtaTask#
######org.cloudfoundry.multiapps.controller.persistence.services.ProcessLogger########flowable-async-job-executor-thread-8110###
[DetectDeployedMtaStep] Executing task "detectDeployedMtaTask" of process "f937e128-f051-11ee-b31b-eeee0a85a904"...#

#2.0#2024 04 01 18:02:16.330#Z#DEBUG#com.sap.cloud.lm.sl.xs2.f937e10c-f051-11ee-b31b-eeee0a85a904.OPERATION.detectDeployedMtaTask#
######org.cloudfoundry.multiapps.controller.persistence.services.ProcessLogger########flowable-async-job-executor-thread-8110###
[DetectDeployedMtaStep] Detecting deployed MTA...#

#2.0#2024 04 01 18:02:16.403#Z#DEBUG#com.sap.cloud.lm.sl.xs2.f937e10c-f051-11ee-b31b-eeee0a85a904.OPERATION.detectDeployedMtaTask#
######org.cloudfoundry.multiapps.controller.persistence.services.ProcessLogger########flowable-async-job-executor-thread-8110###
[DetectDeployedMtaStep] Detecting MTA by id Products and namespace null#

#2.0#2024 04 01 18:02:16.403#Z#DEBUG#com.sap.cloud.lm.sl.xs2.f937e10c-f051-11ee-b31b-eeee0a85a904.OPERATION.detectDeployedMtaTask#
######org.cloudfoundry.multiapps.controller.persistence.services.ProcessLogger########flowable-async-job-executor-thread-8110###
[DetectDeployedMtaStep] Getting applications by metadata label selector "mta_id=068f80c7519d0528fb08e82137a72131,!mta_namespace"...#

#2.0#2024 04 01 18:02:16.470#Z#DEBUG#com.sap.cloud.lm.sl.xs2.f937e10c-f051-11ee-b31b-eeee0a85a904.OPERATION.detectDeployedMtaTask#
######org.cloudfoundry.multiapps.controller.persistence.services.ProcessLogger########flowable-async-job-executor-thread-8110###
[DetectDeployedMtaStep] Getting service instances by metadata label selector "mta_id=068f80c7519d0528fb08e82137a72131,!mta_namespace"...#

#2.0#2024 04 01 18:02:16.669#Z#DEBUG#com.sap.cloud.lm.sl.xs2.f937e10c-f051-11ee-b31b-eeee0a85a904.OPERATION.detectDeployedMtaTask#
######org.cloudfoundry.multiapps.controller.persistence.services.ProcessLogger########flowable-async-job-executor-thread-8110###
[DetectDeployedMtaStep] Deployed MTA: {
  "metadata" : {
    "id" : "Products",
    "version" : "0.0.1"
  },
  "applications" : [ ],
  "services" : [ {
    "name" : "Products-destination-service",
    "metadata" : {
      "guid" : "c22aa84b-2796-44ce-b9a2-256fe9c7b8eb",
      "createdAt" : [ 2024, 4, 1, 14, 58, 10 ],
      "updatedAt" : [ 2024, 4, 1, 14, 58, 13 ]
    },
    "v3Metadata" : {
      "annotations" : {
        "mta_id" : "Products",
        "mta_version" : "0.0.1",
        "mta_resource" : "{\"name\":\"Products-destination-service\"}"
      },
      "labels" : {
        "mta_id" : "068f80c7519d0528fb08e82137a72131"
      }
    },
    "label" : "destination",
    "plan" : "lite",
    "credentials" : "********",
    "tags" : [ ],
    "type" : "managed",
    "lastOperation" : {
      "type" : "UPDATE",
      "description" : "",
      "state" : "SUCCEEDED"
    },
    "resourceName" : "Products-destination-service"
  }, {
    "name" : "Products-html5-srv",
    "metadata" : {
      "guid" : "692bf02e-d79d-4bf2-a4de-11350cb419d9",
      "createdAt" : [ 2024, 4, 1, 14, 58, 8 ],
      "updatedAt" : [ 2024, 4, 1, 14, 58, 9 ]
    },
    "v3Metadata" : {
      "annotations" : {
        "mta_id" : "Products",
        "mta_version" : "0.0.1",
        "mta_resource" : "{\"name\":\"Products-repo-host\"}"
      },
      "labels" : {
        "mta_id" : "068f80c7519d0528fb08e82137a72131"
      }
    },
    "label" : "html5-apps-repo",
    "plan" : "app-host",
    "credentials" : "********",
    "tags" : [ ],
    "type" : "managed",
    "lastOperation" : {
      "type" : "CREATE",
      "description" : "",
      "state" : "SUCCEEDED"
    },
    "resourceName" : "Products-repo-host"
  } ]
}#

#2.0#2024 04 01 18:02:16.670#Z#INFO#com.sap.cloud.lm.sl.xs2.f937e10c-f051-11ee-b31b-eeee0a85a904.OPERATION.detectDeployedMtaTask#
######org.cloudfoundry.multiapps.controller.persistence.services.ProcessLogger########flowable-async-job-executor-thread-8110###
[DetectDeployedMtaStep] Detected deployed MTA with ID "Products" and version "0.0.1"#

#2.0#2024 04 01 18:02:16.730#Z#DEBUG#com.sap.cloud.lm.sl.xs2.f937e10c-f051-11ee-b31b-eeee0a85a904.OPERATION.detectDeployedMtaTask#
######org.cloudfoundry.multiapps.controller.persistence.services.ProcessLogger########flowable-async-job-executor-thread-8110###
[DetectDeployedMtaStep] Deployed MTA service keys: [ {
  "name" : "********",
  "metadata" : {
    "guid" : "05dd86da-c438-4be7-86b7-1939c4670530",
    "createdAt" : [ 2024, 4, 1, 14, 58, 22 ],
    "updatedAt" : [ 2024, 4, 1, 14, 58, 23 ]
  },
  "v3Metadata" : {
    "annotations" : {
      "mta_id" : "Products",
      "mta_version" : "0.0.1"
    },
    "labels" : {
      "mta_id" : "068f80c7519d0528fb08e82137a72131",
      "space_guid" : "2af2f7ea-0680-40bc-a5fd-2548d273fbfc"
    }
  },
  "serviceInstance" : {
    "name" : "Products-html5-srv",
    "metadata" : {
      "guid" : "692bf02e-d79d-4bf2-a4de-11350cb419d9",
      "createdAt" : [ 2024, 4, 1, 14, 58, 8 ],
      "updatedAt" : [ 2024, 4, 1, 14, 58, 9 ]
    },
    "v3Metadata" : {
      "annotations" : {
        "mta_id" : "Products",
        "mta_version" : "0.0.1",
        "mta_resource" : "{\"name\":\"Products-repo-host\"}"
      },
      "labels" : {
        "mta_id" : "068f80c7519d0528fb08e82137a72131"
      }
    },
    "label" : "html5-apps-repo",
    "plan" : "app-host",
    "credentials" : "********",
    "tags" : [ ],
    "type" : "managed",
    "lastOperation" : {
      "type" : "CREATE",
      "description" : "",
      "state" : "SUCCEEDED"
    },
    "resourceName" : "Products-repo-host"
  },
  "resourceName" : "Products-repo-host"
} ]#

#2.0#2024 04 01 18:02:16.730#Z#DEBUG#com.sap.cloud.lm.sl.xs2.f937e10c-f051-11ee-b31b-eeee0a85a904.OPERATION.detectDeployedMtaTask#
######org.cloudfoundry.multiapps.controller.persistence.services.ProcessLogger########flowable-async-job-executor-thread-8110###
Step "Detect Deployed MTA" finished#

#2.0#2024 04 01 18:02:16.767#Z#DEBUG#com.sap.cloud.lm.sl.xs2.f937e10c-f051-11ee-b31b-eeee0a85a904.OPERATION.collectSystemParametersTask#
######org.cloudfoundry.multiapps.controller.persistence.services.ProcessLogger########flowable-async-job-executor-thread-8112###
[CollectSystemParametersStep] Executing task "collectSystemParametersTask" of process "f937e128-f051-11ee-b31b-eeee0a85a904"...#

#2.0#2024 04 01 18:02:16.768#Z#DEBUG#com.sap.cloud.lm.sl.xs2.f937e10c-f051-11ee-b31b-eeee0a85a904.OPERATION.collectSystemParametersTask#
######org.cloudfoundry.multiapps.controller.persistence.services.ProcessLogger########flowable-async-job-executor-thread-8112###
[CollectSystemParametersStep] Collecting system parameters...#

#2.0#2024 04 01 18:02:16.768#Z#DEBUG#com.sap.cloud.lm.sl.xs2.f937e10c-f051-11ee-b31b-eeee0a85a904.OPERATION.collectSystemParametersTask#
######org.cloudfoundry.multiapps.controller.persistence.services.ProcessLogger########flowable-async-job-executor-thread-8112###
[CollectSystemParametersStep] Getting default domain...#

#2.0#2024 04 01 18:02:16.803#Z#DEBUG#com.sap.cloud.lm.sl.xs2.f937e10c-f051-11ee-b31b-eeee0a85a904.OPERATION.collectSystemParametersTask#
######org.cloudfoundry.multiapps.controller.persistence.services.ProcessLogger########flowable-async-job-executor-thread-8112###
[CollectSystemParametersStep] Default domain: cfapps.us10-001.hana.ondemand.com#

#2.0#2024 04 01 18:02:16.803#Z#DEBUG#com.sap.cloud.lm.sl.xs2.f937e10c-f051-11ee-b31b-eeee0a85a904.OPERATION.collectSystemParametersTask#
######org.cloudfoundry.multiapps.controller.persistence.services.ProcessLogger########flowable-async-job-executor-thread-8112###
[CollectSystemParametersStep] Checking for overwriting read-only parameters for mta with id: "Products"#

#2.0#2024 04 01 18:02:16.803#Z#DEBUG#com.sap.cloud.lm.sl.xs2.f937e10c-f051-11ee-b31b-eeee0a85a904.OPERATION.collectSystemParametersTask#
######org.cloudfoundry.multiapps.controller.persistence.services.ProcessLogger########flowable-async-job-executor-thread-8112###
[CollectSystemParametersStep] No read-only parameters are overwritten#

#2.0#2024 04 01 18:02:16.822#Z#DEBUG#com.sap.cloud.lm.sl.xs2.f937e10c-f051-11ee-b31b-eeee0a85a904.OPERATION.collectSystemParametersTask#
######org.cloudfoundry.multiapps.controller.persistence.services.ProcessLogger########flowable-async-job-executor-thread-8112###
[CollectSystemParametersStep] Descriptor with system parameters: {
  "majorSchemaVersion" : 3,
  "schemaVersion" : "3.2.0",
  "id" : "Products",
  "version" : "0.0.1",
  "modules" : [ {
    "majorSchemaVersion" : 3,
    "name" : "Products-app-content",
    "type" : "com.sap.application.content",
    "path" : "Products-app-content",
    "properties" : { },
    "parameters" : {
      "default-url" : "${protocol}://${default-uri}",
      "default-app-name" : "Products-app-content",
      "generated-password" : "********",
      "default-uri" : "${host}.${domain}",
      "default-instances" : 1,
      "instances" : "${default-instances}",
      "default-host" : "948a4dactrial-dev-products-app-content",
      "app-name" : "${default-app-name}",
      "protocol" : "https",
      "domain" : "${default-domain}",
      "host" : "${default-host}",
      "generated-user" : "********"
    },
    "requiredDependencies" : [ {
      "majorSchemaVersion" : 3,
      "name" : "Products-repo-host",
      "properties" : { },
      "parameters" : {
        "content-target" : true
      },
      "propertiesMetadata" : {
        "metadata" : { }
      },
      "parametersMetadata" : {
        "metadata" : { }
      }
    } ],
    "providedDependencies" : [ {
      "majorSchemaVersion" : 3,
      "name" : "Products-app-content",
      "isPublic" : false,
      "properties" : { },
      "parameters" : { },
      "propertiesMetadata" : {
        "metadata" : { }
      },
      "parametersMetadata" : {
        "metadata" : { }
      }
    } ],
    "propertiesMetadata" : {
      "metadata" : { }
    },
    "parametersMetadata" : {
      "metadata" : { }
    },
    "hooks" : [ ]
  } ],
  "resources" : [ {
    "majorSchemaVersion" : 3,
    "name" : "Products-repo-host",
    "type" : "org.cloudfoundry.managed-service",
    "properties" : { },
    "parameters" : {
      "generated-password" : "********",
      "service-name" : "Products-html5-srv",
      "service-plan" : "app-host",
      "service" : "html5-apps-repo",
      "generated-user" : "********",
      "default-xsappname" : "Products-repo-host",
      "type" : "managed-service",
      "default-service-name" : "Products-repo-host",
      "default-container-name" : "948A4DACTRIAL_DEV_PRODUCTS_REPO_HOST"
    },
    "isActive" : true,
    "isOptional" : false,
    "propertiesMetadata" : {
      "metadata" : { }
    },
    "parametersMetadata" : {
      "metadata" : { }
    },
    "requiredDependencies" : [ ],
    "processedAfter" : [ ]
  }, {
    "majorSchemaVersion" : 3,
    "name" : "Products-destination-service",
    "type" : "org.cloudfoundry.managed-service",
    "properties" : { },
    "parameters" : {
      "generated-password" : "********",
      "service-name" : "Products-destination-service",
      "service-plan" : "lite",
      "service" : "destination",
      "sap.cloud.service" : "products",
      "generated-user" : "********",
      "default-xsappname" : "Products-destination-service",
      "type" : "managed-service",
      "config" : {
        "HTML5Runtime_enabled" : true,
        "init_data" : {
          "instance" : {
            "destinations" : [ {
              "Authentication" : "********",
              "Name" : "ui5",
              "ProxyType" : "Internet",
              "Type" : "HTTP",
              "URL" : "https://ui5.sap.com"
            } ],
            "existing_destinations_policy" : "update"
          }
        },
        "version" : "1.0.0"
      },
      "default-service-name" : "Products-destination-service",
      "default-container-name" : "948A4DACTRIAL_DEV_PRODUCTS_DESTINATION_SERVICE"
    },
    "isActive" : true,
    "isOptional" : false,
    "propertiesMetadata" : {
      "metadata" : { }
    },
    "parametersMetadata" : {
      "metadata" : { }
    },
    "requiredDependencies" : [ ],
    "processedAfter" : [ ]
  } ],
  "parameters" : {
    "deploy_mode" : "html5-repo",
    "mta-id" : "Products",
    "authorization-url" : "********",
    "org-guid" : "8dc84c92-5fbd-4a6c-9680-34911acafef0",
    "org" : "948a4dactrial",
    "deploy-target" : "948a4dactrial dev",
    "space" : "dev",
    "xs-api-url" : "https://api.cf.us10-001.hana.ondemand.com",
    "deploy-url" : "deploy-service.cfapps.us10-001.hana.ondemand.com",
    "xs-type" : "CF",
    "default-domain" : "cfapps.us10-001.hana.ondemand.com",
    "mta-version" : "0.0.1",
    "xs-auth-url" : "********",
    "space-guid" : "2af2f7ea-0680-40bc-a5fd-2548d273fbfc",
    "user" : "********",
    "controller-url" : "https://api.cf.us10-001.hana.ondemand.com",
    "timestamp" : "20240401180215"
  },
  "parametersMetadata" : {
    "metadata" : { }
  }
}#

#2.0#2024 04 01 18:02:16.823#Z#DEBUG#com.sap.cloud.lm.sl.xs2.f937e10c-f051-11ee-b31b-eeee0a85a904.OPERATION.collectSystemParametersTask#
######org.cloudfoundry.multiapps.controller.persistence.services.ProcessLogger########flowable-async-job-executor-thread-8112###
[CollectSystemParametersStep] Version rule: SAME_HIGHER#

#2.0#2024 04 01 18:02:16.823#Z#INFO#com.sap.cloud.lm.sl.xs2.f937e10c-f051-11ee-b31b-eeee0a85a904.OPERATION.collectSystemParametersTask#
######org.cloudfoundry.multiapps.controller.persistence.services.ProcessLogger########flowable-async-job-executor-thread-8112###
[CollectSystemParametersStep] Detected new MTA version: "0.0.1"#

#2.0#2024 04 01 18:02:16.828#Z#INFO#com.sap.cloud.lm.sl.xs2.f937e10c-f051-11ee-b31b-eeee0a85a904.OPERATION.collectSystemParametersTask#
######org.cloudfoundry.multiapps.controller.persistence.services.ProcessLogger########flowable-async-job-executor-thread-8112###
[CollectSystemParametersStep] Deployed MTA version: "0.0.1"#

#2.0#2024 04 01 18:02:16.834#Z#DEBUG#com.sap.cloud.lm.sl.xs2.f937e10c-f051-11ee-b31b-eeee0a85a904.OPERATION.collectSystemParametersTask#
######org.cloudfoundry.multiapps.controller.persistence.services.ProcessLogger########flowable-async-job-executor-thread-8112###
[CollectSystemParametersStep] MTA accepted for deployment#

#2.0#2024 04 01 18:02:16.835#Z#DEBUG#com.sap.cloud.lm.sl.xs2.f937e10c-f051-11ee-b31b-eeee0a85a904.OPERATION.collectSystemParametersTask#
######org.cloudfoundry.multiapps.controller.persistence.services.ProcessLogger########flowable-async-job-executor-thread-8112###
[CollectSystemParametersStep] System parameters collected#

#2.0#2024 04 01 18:02:16.835#Z#DEBUG#com.sap.cloud.lm.sl.xs2.f937e10c-f051-11ee-b31b-eeee0a85a904.OPERATION.collectSystemParametersTask#
######org.cloudfoundry.multiapps.controller.persistence.services.ProcessLogger########flowable-async-job-executor-thread-8112###
Step "Collect System Parameters" finished#

#2.0#2024 04 01 18:02:16.879#Z#DEBUG#com.sap.cloud.lm.sl.xs2.f937e10c-f051-11ee-b31b-eeee0a85a904.OPERATION.processDescriptorTask#
######org.cloudfoundry.multiapps.controller.persistence.services.ProcessLogger########flowable-async-job-executor-thread-8113###
[ProcessDescriptorStep] Executing task "processDescriptorTask" of process "f937e128-f051-11ee-b31b-eeee0a85a904"...#

#2.0#2024 04 01 18:02:16.880#Z#DEBUG#com.sap.cloud.lm.sl.xs2.f937e10c-f051-11ee-b31b-eeee0a85a904.OPERATION.processDescriptorTask#
######org.cloudfoundry.multiapps.controller.persistence.services.ProcessLogger########flowable-async-job-executor-thread-8113###
[ProcessDescriptorStep] Resolving properties and parameters in merged descriptor...#

#2.0#2024 04 01 18:02:16.882#Z#DEBUG#com.sap.cloud.lm.sl.xs2.f937e10c-f051-11ee-b31b-eeee0a85a904.OPERATION.processDescriptorTask#
######org.cloudfoundry.multiapps.controller.persistence.services.ProcessLogger########flowable-async-job-executor-thread-8113###
[ProcessDescriptorStep] Subscriptions: [ ]#

#2.0#2024 04 01 18:02:16.882#Z#DEBUG#com.sap.cloud.lm.sl.xs2.f937e10c-f051-11ee-b31b-eeee0a85a904.OPERATION.processDescriptorTask#
######org.cloudfoundry.multiapps.controller.persistence.services.ProcessLogger########flowable-async-job-executor-thread-8113###
[ProcessDescriptorStep] MTA Modules: [Products-app-content]#

#2.0#2024 04 01 18:02:16.883#Z#DEBUG#com.sap.cloud.lm.sl.xs2.f937e10c-f051-11ee-b31b-eeee0a85a904.OPERATION.processDescriptorTask#
######org.cloudfoundry.multiapps.controller.persistence.services.ProcessLogger########flowable-async-job-executor-thread-8113###
[ProcessDescriptorStep] Resolved deployment descriptor: {
  "majorSchemaVersion" : 3,
  "schemaVersion" : "3.2.0",
  "id" : "Products",
  "version" : "0.0.1",
  "modules" : [ {
    "majorSchemaVersion" : 3,
    "name" : "Products-app-content",
    "type" : "com.sap.application.content",
    "path" : "Products-app-content",
    "properties" : { },
    "parameters" : {
      "default-url" : "https://948a4dactrial-dev-products-app-content.cfapps.us10-001.hana.ondemand.com",
      "default-app-name" : "Products-app-content",
      "generated-password" : "********",
      "default-uri" : "948a4dactrial-dev-products-app-content.cfapps.us10-001.hana.ondemand.com",
      "default-instances" : 1,
      "instances" : 1,
      "default-host" : "948a4dactrial-dev-products-app-content",
      "app-name" : "Products-app-content",
      "protocol" : "https",
      "domain" : "cfapps.us10-001.hana.ondemand.com",
      "host" : "948a4dactrial-dev-products-app-content",
      "generated-user" : "********"
    },
    "requiredDependencies" : [ {
      "majorSchemaVersion" : 3,
      "name" : "Products-repo-host",
      "properties" : { },
      "parameters" : {
        "content-target" : true
      },
      "propertiesMetadata" : {
        "metadata" : { }
      },
      "parametersMetadata" : {
        "metadata" : { }
      }
    } ],
    "providedDependencies" : [ {
      "majorSchemaVersion" : 3,
      "name" : "Products-app-content",
      "isPublic" : false,
      "properties" : { },
      "parameters" : { },
      "propertiesMetadata" : {
        "metadata" : { }
      },
      "parametersMetadata" : {
        "metadata" : { }
      }
    } ],
    "propertiesMetadata" : {
      "metadata" : { }
    },
    "parametersMetadata" : {
      "metadata" : { }
    },
    "hooks" : [ ]
  } ],
  "resources" : [ {
    "majorSchemaVersion" : 3,
    "name" : "Products-repo-host",
    "type" : "org.cloudfoundry.managed-service",
    "properties" : { },
    "parameters" : {
      "generated-password" : "********",
      "service-name" : "Products-html5-srv",
      "service-plan" : "app-host",
      "service" : "html5-apps-repo",
      "generated-user" : "********",
      "default-xsappname" : "Products-repo-host",
      "type" : "managed-service",
      "default-service-name" : "Products-repo-host",
      "default-container-name" : "948A4DACTRIAL_DEV_PRODUCTS_REPO_HOST"
    },
    "isActive" : true,
    "isOptional" : false,
    "propertiesMetadata" : {
      "metadata" : { }
    },
    "parametersMetadata" : {
      "metadata" : { }
    },
    "requiredDependencies" : [ ],
    "processedAfter" : [ ]
  }, {
    "majorSchemaVersion" : 3,
    "name" : "Products-destination-service",
    "type" : "org.cloudfoundry.managed-service",
    "properties" : { },
    "parameters" : {
      "generated-password" : "********",
      "service-name" : "Products-destination-service",
      "service-plan" : "lite",
      "service" : "destination",
      "sap.cloud.service" : "products",
      "generated-user" : "********",
      "default-xsappname" : "Products-destination-service",
      "type" : "managed-service",
      "config" : {
        "HTML5Runtime_enabled" : true,
        "init_data" : {
          "instance" : {
            "destinations" : [ {
              "Authentication" : "********",
              "Name" : "ui5",
              "ProxyType" : "Internet",
              "Type" : "HTTP",
              "URL" : "https://ui5.sap.com"
            } ],
            "existing_destinations_policy" : "update"
          }
        },
        "version" : "1.0.0"
      },
      "default-service-name" : "Products-destination-service",
      "default-container-name" : "948A4DACTRIAL_DEV_PRODUCTS_DESTINATION_SERVICE"
    },
    "isActive" : true,
    "isOptional" : false,
    "propertiesMetadata" : {
      "metadata" : { }
    },
    "parametersMetadata" : {
      "metadata" : { }
    },
    "requiredDependencies" : [ ],
    "processedAfter" : [ ]
  } ],
  "parameters" : {
    "deploy_mode" : "html5-repo",
    "mta-id" : "Products",
    "authorization-url" : "********",
    "org-guid" : "8dc84c92-5fbd-4a6c-9680-34911acafef0",
    "org" : "948a4dactrial",
    "deploy-target" : "948a4dactrial dev",
    "space" : "dev",
    "xs-api-url" : "https://api.cf.us10-001.hana.ondemand.com",
    "deploy-url" : "deploy-service.cfapps.us10-001.hana.ondemand.com",
    "xs-type" : "CF",
    "default-domain" : "cfapps.us10-001.hana.ondemand.com",
    "mta-version" : "0.0.1",
    "xs-auth-url" : "********",
    "space-guid" : "2af2f7ea-0680-40bc-a5fd-2548d273fbfc",
    "user" : "********",
    "controller-url" : "https://api.cf.us10-001.hana.ondemand.com",
    "timestamp" : "20240401180215"
  },
  "parametersMetadata" : {
    "metadata" : { }
  }
}#

#2.0#2024 04 01 18:02:16.883#Z#DEBUG#com.sap.cloud.lm.sl.xs2.f937e10c-f051-11ee-b31b-eeee0a85a904.OPERATION.processDescriptorTask#
######org.cloudfoundry.multiapps.controller.persistence.services.ProcessLogger########flowable-async-job-executor-thread-8113###
[ProcessDescriptorStep] Merged descriptor properties and parameters resolved#

#2.0#2024 04 01 18:02:16.883#Z#DEBUG#com.sap.cloud.lm.sl.xs2.f937e10c-f051-11ee-b31b-eeee0a85a904.OPERATION.processDescriptorTask#
######org.cloudfoundry.multiapps.controller.persistence.services.ProcessLogger########flowable-async-job-executor-thread-8113###
Step "Process Descriptor Step" finished#

#2.0#2024 04 01 18:02:16.922#Z#DEBUG#com.sap.cloud.lm.sl.xs2.f937e10c-f051-11ee-b31b-eeee0a85a904.OPERATION.buildDeployModelTask#
######org.cloudfoundry.multiapps.controller.persistence.services.ProcessLogger########flowable-async-job-executor-thread-8114###
[XS2BuildCloudDeployModelStep] Executing task "buildDeployModelTask" of process "f937e128-f051-11ee-b31b-eeee0a85a904"...#

#2.0#2024 04 01 18:02:16.924#Z#DEBUG#com.sap.cloud.lm.sl.xs2.f937e10c-f051-11ee-b31b-eeee0a85a904.OPERATION.buildDeployModelTask#
######org.cloudfoundry.multiapps.controller.persistence.services.ProcessLogger########flowable-async-job-executor-thread-8114###
[XS2BuildCloudDeployModelStep] Service keys defined for content deployment grouped by service name: {
  "Products-repo-host" : [ {
    "name" : "********",
    "v3Metadata" : {
      "annotations" : {
        "mta_id" : "Products",
        "mta_version" : "0.0.1"
      },
      "labels" : {
        "mta_id" : "068f80c7519d0528fb08e82137a72131",
        "space_guid" : "2af2f7ea-0680-40bc-a5fd-2548d273fbfc"
      }
    },
    "credentials" : "********",
    "moduleName" : "Products-app-content",
    "resourceName" : "Products-repo-host",
    "serviceInstance" : {
      "isOptional" : false,
      "isManaged" : false,
      "name" : "Products-html5-srv",
      "credentials" : "********",
      "tags" : [ ],
      "shouldSkipParametersUpdate" : false,
      "shouldSkipPlanUpdate" : false,
      "shouldSkipTagsUpdate" : false,
      "shouldSkipSyslogUrlUpdate" : false
    }
  } ]
}#

#2.0#2024 04 01 18:02:16.924#Z#DEBUG#com.sap.cloud.lm.sl.xs2.f937e10c-f051-11ee-b31b-eeee0a85a904.OPERATION.buildDeployModelTask#
######org.cloudfoundry.multiapps.controller.persistence.services.ProcessLogger########flowable-async-job-executor-thread-8114###
[XS2BuildCloudDeployModelStep] Building cloud deployment model...#

#2.0#2024 04 01 18:02:16.927#Z#DEBUG#com.sap.cloud.lm.sl.xs2.f937e10c-f051-11ee-b31b-eeee0a85a904.OPERATION.buildDeployModelTask#
######org.cloudfoundry.multiapps.controller.persistence.services.ProcessLogger########flowable-async-job-executor-thread-8114###
[XS2BuildCloudDeployModelStep] MTA archive modules: [Products-app-content]#

#2.0#2024 04 01 18:02:16.927#Z#DEBUG#com.sap.cloud.lm.sl.xs2.f937e10c-f051-11ee-b31b-eeee0a85a904.OPERATION.buildDeployModelTask#
######org.cloudfoundry.multiapps.controller.persistence.services.ProcessLogger########flowable-async-job-executor-thread-8114###
[XS2BuildCloudDeployModelStep] Deployed modules: []#

#2.0#2024 04 01 18:02:16.928#Z#DEBUG#com.sap.cloud.lm.sl.xs2.f937e10c-f051-11ee-b31b-eeee0a85a904.OPERATION.buildDeployModelTask#
######org.cloudfoundry.multiapps.controller.persistence.services.ProcessLogger########flowable-async-job-executor-thread-8114###
[XS2BuildCloudDeployModelStep] MTA modules: [Products-app-content]#

#2.0#2024 04 01 18:02:16.928#Z#DEBUG#com.sap.cloud.lm.sl.xs2.f937e10c-f051-11ee-b31b-eeee0a85a904.OPERATION.buildDeployModelTask#
######org.cloudfoundry.multiapps.controller.persistence.services.ProcessLogger########flowable-async-job-executor-thread-8114###
[XS2BuildCloudDeployModelStep] Service keys to create: {
  "Products-repo-host" : [ ],
  "Products-destination-service" : [ ]
}#

#2.0#2024 04 01 18:02:16.929#Z#DEBUG#com.sap.cloud.lm.sl.xs2.f937e10c-f051-11ee-b31b-eeee0a85a904.OPERATION.buildDeployModelTask#
######org.cloudfoundry.multiapps.controller.persistence.services.ProcessLogger########flowable-async-job-executor-thread-8114###
[XS2BuildCloudDeployModelStep] Modules to deploy: [{
  "majorSchemaVersion" : 3,
  "name" : "Products-app-content",
  "type" : "com.sap.application.content",
  "path" : "Products-app-content",
  "properties" : { },
  "parameters" : {
    "default-url" : "https://948a4dactrial-dev-products-app-content.cfapps.us10-001.hana.ondemand.com",
    "default-app-name" : "Products-app-content",
    "generated-password" : "********",
    "default-uri" : "948a4dactrial-dev-products-app-content.cfapps.us10-001.hana.ondemand.com",
    "default-instances" : 1,
    "instances" : 1,
    "default-host" : "948a4dactrial-dev-products-app-content",
    "app-name" : "Products-app-content",
    "protocol" : "https",
    "dependency-type" : "soft",
    "domain" : "cfapps.us10-001.hana.ondemand.com",
    "host" : "948a4dactrial-dev-products-app-content",
    "generated-user" : "********"
  },
  "requiredDependencies" : [ {
    "majorSchemaVersion" : 3,
    "name" : "Products-repo-host",
    "properties" : { },
    "parameters" : {
      "content-target" : true
    },
    "propertiesMetadata" : {
      "metadata" : { }
    },
    "parametersMetadata" : {
      "metadata" : { }
    }
  } ],
  "providedDependencies" : [ {
    "majorSchemaVersion" : 3,
    "name" : "Products-app-content",
    "isPublic" : false,
    "properties" : { },
    "parameters" : { },
    "propertiesMetadata" : {
      "metadata" : { }
    },
    "parametersMetadata" : {
      "metadata" : { }
    }
  } ],
  "propertiesMetadata" : {
    "metadata" : { }
  },
  "parametersMetadata" : {
    "metadata" : { }
  },
  "hooks" : [ ]
}]#

#2.0#2024 04 01 18:02:16.929#Z#DEBUG#com.sap.cloud.lm.sl.xs2.f937e10c-f051-11ee-b31b-eeee0a85a904.OPERATION.buildDeployModelTask#
######org.cloudfoundry.multiapps.controller.persistence.services.ProcessLogger########flowable-async-job-executor-thread-8114###
[XS2BuildCloudDeployModelStep] Custom domains: []#

#2.0#2024 04 01 18:02:16.929#Z#DEBUG#com.sap.cloud.lm.sl.xs2.f937e10c-f051-11ee-b31b-eeee0a85a904.OPERATION.buildDeployModelTask#
######org.cloudfoundry.multiapps.controller.persistence.services.ProcessLogger########flowable-async-job-executor-thread-8114###
[XS2BuildCloudDeployModelStep] Calculating resource batches...#

#2.0#2024 04 01 18:02:16.930#Z#DEBUG#com.sap.cloud.lm.sl.xs2.f937e10c-f051-11ee-b31b-eeee0a85a904.OPERATION.buildDeployModelTask#
######org.cloudfoundry.multiapps.controller.persistence.services.ProcessLogger########flowable-async-job-executor-thread-8114###
[XS2BuildCloudDeployModelStep] Calculating resource batches completed.#

#2.0#2024 04 01 18:02:16.930#Z#DEBUG#com.sap.cloud.lm.sl.xs2.f937e10c-f051-11ee-b31b-eeee0a85a904.OPERATION.buildDeployModelTask#
######org.cloudfoundry.multiapps.controller.persistence.services.ProcessLogger########flowable-async-job-executor-thread-8114###
[XS2BuildCloudDeployModelStep] Cloud deployment model built#

#2.0#2024 04 01 18:02:16.930#Z#DEBUG#com.sap.cloud.lm.sl.xs2.f937e10c-f051-11ee-b31b-eeee0a85a904.OPERATION.buildDeployModelTask#
######org.cloudfoundry.multiapps.controller.persistence.services.ProcessLogger########flowable-async-job-executor-thread-8114###
Step "Build Deploy Model" finished#

#2.0#2024 04 01 18:02:16.971#Z#DEBUG#com.sap.cloud.lm.sl.xs2.f937e10c-f051-11ee-b31b-eeee0a85a904.OPERATION.buildUndeployModelTask#
######org.cloudfoundry.multiapps.controller.persistence.services.ProcessLogger########flowable-async-job-executor-thread-8115###
[BuildCloudUndeployModelStep] Executing task "buildUndeployModelTask" of process "f937e128-f051-11ee-b31b-eeee0a85a904"...#

#2.0#2024 04 01 18:02:16.972#Z#DEBUG#com.sap.cloud.lm.sl.xs2.f937e10c-f051-11ee-b31b-eeee0a85a904.OPERATION.buildUndeployModelTask#
######org.cloudfoundry.multiapps.controller.persistence.services.ProcessLogger########flowable-async-job-executor-thread-8115###
[BuildCloudUndeployModelStep] Building cloud undeployment model...#

#2.0#2024 04 01 18:02:16.978#Z#DEBUG#com.sap.cloud.lm.sl.xs2.f937e10c-f051-11ee-b31b-eeee0a85a904.OPERATION.buildUndeployModelTask#
######org.cloudfoundry.multiapps.controller.persistence.services.ProcessLogger########flowable-async-job-executor-thread-8115###
[BuildCloudUndeployModelStep] MTA modules: [Products-app-content]#

#2.0#2024 04 01 18:02:16.978#Z#DEBUG#com.sap.cloud.lm.sl.xs2.f937e10c-f051-11ee-b31b-eeee0a85a904.OPERATION.buildUndeployModelTask#
######org.cloudfoundry.multiapps.controller.persistence.services.ProcessLogger########flowable-async-job-executor-thread-8115###
[BuildCloudUndeployModelStep] Modules to undeploy: [ ]#

#2.0#2024 04 01 18:02:16.978#Z#DEBUG#com.sap.cloud.lm.sl.xs2.f937e10c-f051-11ee-b31b-eeee0a85a904.OPERATION.buildUndeployModelTask#
######org.cloudfoundry.multiapps.controller.persistence.services.ProcessLogger########flowable-async-job-executor-thread-8115###
[BuildCloudUndeployModelStep] Modules that won't be changed: [ ]#

#2.0#2024 04 01 18:02:16.979#Z#DEBUG#com.sap.cloud.lm.sl.xs2.f937e10c-f051-11ee-b31b-eeee0a85a904.OPERATION.buildUndeployModelTask#
######org.cloudfoundry.multiapps.controller.persistence.services.ProcessLogger########flowable-async-job-executor-thread-8115###
[BuildCloudUndeployModelStep] Subscriptions to delete: [ ]#

#2.0#2024 04 01 18:02:16.981#Z#DEBUG#com.sap.cloud.lm.sl.xs2.f937e10c-f051-11ee-b31b-eeee0a85a904.OPERATION.buildUndeployModelTask#
######org.cloudfoundry.multiapps.controller.persistence.services.ProcessLogger########flowable-async-job-executor-thread-8115###
[BuildCloudUndeployModelStep] Cloud services to delete: []#

#2.0#2024 04 01 18:02:16.981#Z#DEBUG#com.sap.cloud.lm.sl.xs2.f937e10c-f051-11ee-b31b-eeee0a85a904.OPERATION.buildUndeployModelTask#
######org.cloudfoundry.multiapps.controller.persistence.services.ProcessLogger########flowable-async-job-executor-thread-8115###
[BuildCloudUndeployModelStep] Detecting service keys to delete.#

#2.0#2024 04 01 18:02:16.982#Z#DEBUG#com.sap.cloud.lm.sl.xs2.f937e10c-f051-11ee-b31b-eeee0a85a904.OPERATION.buildUndeployModelTask#
######org.cloudfoundry.multiapps.controller.persistence.services.ProcessLogger########flowable-async-job-executor-thread-8115###
[BuildCloudUndeployModelStep] Detected deployed service keys by service "{Products-html5-srv=[DeployedMtaServiceKey{name=Products-app-content-Products-repo-host-credentials, metadata=CloudMetadata{guid=05dd86da-c438-4be7-86b7-1939c4670530, createdAt=2024-04-01T14:58:22, updatedAt=2024-04-01T14:58:23, url=null}, v3Metadata=Metadata{annotations={mta_id=Products, mta_version=0.0.1}, labels={mta_id=068f80c7519d0528fb08e82137a72131, space_guid=2af2f7ea-0680-40bc-a5fd-2548d273fbfc}}, credentials=null, serviceInstance=CloudServiceInstance{name=Products-html5-srv, metadata=CloudMetadata{guid=692bf02e-d79d-4bf2-a4de-11350cb419d9, createdAt=2024-04-01T14:58:08, updatedAt=2024-04-01T14:58:09, url=null}, v3Metadata=Metadata{annotations={mta_id=Products, mta_version=0.0.1, mta_resource={"name":"Products-repo-host"}}, labels={mta_id=068f80c7519d0528fb08e82137a72131}}, label=html5-apps-repo, plan=app-host, provider=null, broker=null, version=null, credentials={}, syslogDrainUrl=null, tags=[], type=managed, lastOperation=create succeeded}, serviceKeyOperation=null, resourceName=Products-repo-host}]}"#

#2.0#2024 04 01 18:02:16.985#Z#DEBUG#com.sap.cloud.lm.sl.xs2.f937e10c-f051-11ee-b31b-eeee0a85a904.OPERATION.buildUndeployModelTask#
######org.cloudfoundry.multiapps.controller.persistence.services.ProcessLogger########flowable-async-job-executor-thread-8115###
[BuildCloudUndeployModelStep] New service keys by service "{Products-html5-srv=[Products-app-content-Products-repo-host-credentials]}"#

#2.0#2024 04 01 18:02:16.985#Z#DEBUG#com.sap.cloud.lm.sl.xs2.f937e10c-f051-11ee-b31b-eeee0a85a904.OPERATION.buildUndeployModelTask#
######org.cloudfoundry.multiapps.controller.persistence.services.ProcessLogger########flowable-async-job-executor-thread-8115###
[BuildCloudUndeployModelStep] Existing service keys by service "{}"#

#2.0#2024 04 01 18:02:16.985#Z#DEBUG#com.sap.cloud.lm.sl.xs2.f937e10c-f051-11ee-b31b-eeee0a85a904.OPERATION.buildUndeployModelTask#
######org.cloudfoundry.multiapps.controller.persistence.services.ProcessLogger########flowable-async-job-executor-thread-8115###
[BuildCloudUndeployModelStep] Detected service keys to delete "[]"#

#2.0#2024 04 01 18:02:16.985#Z#DEBUG#com.sap.cloud.lm.sl.xs2.f937e10c-f051-11ee-b31b-eeee0a85a904.OPERATION.buildUndeployModelTask#
######org.cloudfoundry.multiapps.controller.persistence.services.ProcessLogger########flowable-async-job-executor-thread-8115###
[BuildCloudUndeployModelStep] Cloud applications to undeploy: [ ]#

#2.0#2024 04 01 18:02:16.985#Z#DEBUG#com.sap.cloud.lm.sl.xs2.f937e10c-f051-11ee-b31b-eeee0a85a904.OPERATION.buildUndeployModelTask#
######org.cloudfoundry.multiapps.controller.persistence.services.ProcessLogger########flowable-async-job-executor-thread-8115###
[BuildCloudUndeployModelStep] Cloud undeployment model built#

#2.0#2024 04 01 18:02:16.985#Z#DEBUG#com.sap.cloud.lm.sl.xs2.f937e10c-f051-11ee-b31b-eeee0a85a904.OPERATION.buildUndeployModelTask#
######org.cloudfoundry.multiapps.controller.persistence.services.ProcessLogger########flowable-async-job-executor-thread-8115###
Step "Build Undeploy Model" finished#

#2.0#2024 04 01 18:02:17.023#Z#DEBUG#com.sap.cloud.lm.sl.xs2.f937e10c-f051-11ee-b31b-eeee0a85a904.OPERATION.addDomainsTask#
######org.cloudfoundry.multiapps.controller.persistence.services.ProcessLogger########flowable-async-job-executor-thread-8116###
[AddDomainsStep] Executing task "addDomainsTask" of process "f937e128-f051-11ee-b31b-eeee0a85a904"...#

#2.0#2024 04 01 18:02:17.026#Z#DEBUG#com.sap.cloud.lm.sl.xs2.f937e10c-f051-11ee-b31b-eeee0a85a904.OPERATION.addDomainsTask#
######org.cloudfoundry.multiapps.controller.persistence.services.ProcessLogger########flowable-async-job-executor-thread-8116###
[AddDomainsStep] Custom domains: []#

#2.0#2024 04 01 18:02:17.026#Z#DEBUG#com.sap.cloud.lm.sl.xs2.f937e10c-f051-11ee-b31b-eeee0a85a904.OPERATION.addDomainsTask#
######org.cloudfoundry.multiapps.controller.persistence.services.ProcessLogger########flowable-async-job-executor-thread-8116###
Step "Add Domains" finished#

#2.0#2024 04 01 18:02:17.147#Z#DEBUG#com.sap.cloud.lm.sl.xs2.f937e10c-f051-11ee-b31b-eeee0a85a904.OPERATION.prepareModulesDeploymentTask#
######org.cloudfoundry.multiapps.controller.persistence.services.ProcessLogger########flowable-async-job-executor-thread-8117###
[ExtractBatchedServicesWithResolvedDynamicParametersStep] Executing task "prepareModulesDeploymentTask" of process "f9e92fac-f051-11ee-b31b-eeee0a85a904"...#

#2.0#2024 04 01 18:02:17.149#Z#DEBUG#com.sap.cloud.lm.sl.xs2.f937e10c-f051-11ee-b31b-eeee0a85a904.OPERATION.prepareModulesDeploymentTask#
######org.cloudfoundry.multiapps.controller.persistence.services.ProcessLogger########flowable-async-job-executor-thread-8117###
[ExtractBatchedServicesWithResolvedDynamicParametersStep] Extracting services and resolving dynamic parameters from batch#

#2.0#2024 04 01 18:02:17.149#Z#DEBUG#com.sap.cloud.lm.sl.xs2.f937e10c-f051-11ee-b31b-eeee0a85a904.OPERATION.prepareModulesDeploymentTask#
######org.cloudfoundry.multiapps.controller.persistence.services.ProcessLogger########flowable-async-job-executor-thread-8117###
[ExtractBatchedServicesWithResolvedDynamicParametersStep] Services to create: [ {
  "isOptional" : false,
  "isManaged" : true,
  "name" : "Products-html5-srv",
  "v3Metadata" : {
    "annotations" : {
      "mta_id" : "Products",
      "mta_version" : "0.0.1",
      "mta_resource" : "{\"name\":\"Products-repo-host\"}"
    },
    "labels" : {
      "mta_id" : "068f80c7519d0528fb08e82137a72131"
    }
  },
  "label" : "html5-apps-repo",
  "plan" : "app-host",
  "credentials" : "********",
  "tags" : [ ],
  "type" : "managed",
  "resourceName" : "Products-repo-host",
  "shouldSkipParametersUpdate" : false,
  "shouldSkipPlanUpdate" : false,
  "shouldSkipTagsUpdate" : false,
  "shouldSkipSyslogUrlUpdate" : false
}, {
  "isOptional" : false,
  "isManaged" : true,
  "name" : "Products-destination-service",
  "v3Metadata" : {
    "annotations" : {
      "mta_id" : "Products",
      "mta_version" : "0.0.1",
      "mta_resource" : "{\"name\":\"Products-destination-service\"}"
    },
    "labels" : {
      "mta_id" : "068f80c7519d0528fb08e82137a72131"
    }
  },
  "label" : "destination",
  "plan" : "lite",
  "credentials" : "********",
  "tags" : [ ],
  "type" : "managed",
  "resourceName" : "Products-destination-service",
  "shouldSkipParametersUpdate" : false,
  "shouldSkipPlanUpdate" : false,
  "shouldSkipTagsUpdate" : false,
  "shouldSkipSyslogUrlUpdate" : false
} ]#

#2.0#2024 04 01 18:02:17.150#Z#DEBUG#com.sap.cloud.lm.sl.xs2.f937e10c-f051-11ee-b31b-eeee0a85a904.OPERATION.prepareModulesDeploymentTask#
######org.cloudfoundry.multiapps.controller.persistence.services.ProcessLogger########flowable-async-job-executor-thread-8117###
Step "Extract Services with Resolved Dynamic parameters from batch" finished#

#2.0#2024 04 01 18:02:17.237#Z#DEBUG#com.sap.cloud.lm.sl.xs2.f937e10c-f051-11ee-b31b-eeee0a85a904.OPERATION.CheckServiceOperationStateTask#
######org.cloudfoundry.multiapps.controller.persistence.services.ProcessLogger########flowable-async-job-executor-thread-8113###
[CheckServiceOperationStateStep] Executing task "CheckServiceOperationStateTask" of process "f9f9d1ae-f051-11ee-b31b-eeee0a85a904"...#

#2.0#2024 04 01 18:02:17.238#Z#DEBUG#com.sap.cloud.lm.sl.xs2.f937e10c-f051-11ee-b31b-eeee0a85a904.OPERATION.CheckServiceOperationStateTask#
######org.cloudfoundry.multiapps.controller.persistence.services.ProcessLogger########flowable-async-job-executor-thread-8113###
[CheckServiceOperationStateStep] Getting service instance "Products-destination-service"...#

#2.0#2024 04 01 18:02:17.407#Z#DEBUG#com.sap.cloud.lm.sl.xs2.f937e10c-f051-11ee-b31b-eeee0a85a904.OPERATION.CheckServiceOperationStateTask#
######org.cloudfoundry.multiapps.controller.persistence.services.ProcessLogger########flowable-async-job-executor-thread-8113###
Step "Check for service operations in Progress" finished#

#2.0#2024 04 01 18:02:17.441#Z#DEBUG#com.sap.cloud.lm.sl.xs2.f937e10c-f051-11ee-b31b-eeee0a85a904.OPERATION.DetermineServiceCreateUpdateActionsTask#
######org.cloudfoundry.multiapps.controller.persistence.services.ProcessLogger########flowable-async-job-executor-thread-8113###
[DetermineServiceCreateUpdateServiceActionsStep] Executing task "DetermineServiceCreateUpdateActionsTask" of process "f9f9d1ae-f051-11ee-b31b-eeee0a85a904"...#

#2.0#2024 04 01 18:02:17.443#Z#INFO#com.sap.cloud.lm.sl.xs2.f937e10c-f051-11ee-b31b-eeee0a85a904.OPERATION.DetermineServiceCreateUpdateActionsTask#
######org.cloudfoundry.multiapps.controller.persistence.services.ProcessLogger########flowable-async-job-executor-thread-8113###
[DetermineServiceCreateUpdateServiceActionsStep] Processing service "Products-destination-service"...#

#2.0#2024 04 01 18:02:17.448#Z#DEBUG#com.sap.cloud.lm.sl.xs2.f937e10c-f051-11ee-b31b-eeee0a85a904.OPERATION.DetermineServiceCreateUpdateActionsTask#
######org.cloudfoundry.multiapps.controller.persistence.services.ProcessLogger########flowable-async-job-executor-thread-8113###
[DetermineServiceCreateUpdateServiceActionsStep] Getting service instance "Products-destination-service"...#

#2.0#2024 04 01 18:02:17.631#Z#DEBUG#com.sap.cloud.lm.sl.xs2.f937e10c-f051-11ee-b31b-eeee0a85a904.OPERATION.DetermineServiceCreateUpdateActionsTask#
######org.cloudfoundry.multiapps.controller.persistence.services.ProcessLogger########flowable-async-job-executor-thread-8113###
[DetermineServiceCreateUpdateServiceActionsStep] Existing service: {
  "name" : "Products-destination-service",
  "metadata" : {
    "guid" : "c22aa84b-2796-44ce-b9a2-256fe9c7b8eb",
    "createdAt" : [ 2024, 4, 1, 14, 58, 10 ],
    "updatedAt" : [ 2024, 4, 1, 14, 58, 13 ]
  },
  "v3Metadata" : {
    "annotations" : {
      "mta_id" : "Products",
      "mta_version" : "0.0.1",
      "mta_resource" : "{\"name\":\"Products-destination-service\"}"
    },
    "labels" : {
      "mta_id" : "068f80c7519d0528fb08e82137a72131"
    }
  },
  "label" : "destination",
  "plan" : "lite",
  "credentials" : "********",
  "tags" : [ ],
  "type" : "managed",
  "lastOperation" : {
    "type" : "UPDATE",
    "description" : "",
    "state" : "SUCCEEDED"
  }
}#

#2.0#2024 04 01 18:02:17.631#Z#DEBUG#com.sap.cloud.lm.sl.xs2.f937e10c-f051-11ee-b31b-eeee0a85a904.OPERATION.DetermineServiceCreateUpdateActionsTask#
######org.cloudfoundry.multiapps.controller.persistence.services.ProcessLogger########flowable-async-job-executor-thread-8113###
[DetermineServiceCreateUpdateServiceActionsStep] Getting parameters of service instance "c22aa84b-2796-44ce-b9a2-256fe9c7b8eb"...#

#2.0#2024 04 01 18:02:17.664#Z#WARN#com.sap.cloud.lm.sl.xs2.f937e10c-f051-11ee-b31b-eeee0a85a904.OPERATION.DetermineServiceCreateUpdateActionsTask#
######org.cloudfoundry.multiapps.controller.persistence.services.ProcessLogger########flowable-async-job-executor-thread-8113###
[DetermineServiceCreateUpdateServiceActionsStep] Cannot retrieve service instance parameters of service "Products-destination-service"#

#2.0#2024 04 01 18:02:17.665#Z#DEBUG#com.sap.cloud.lm.sl.xs2.f937e10c-f051-11ee-b31b-eeee0a85a904.OPERATION.DetermineServiceCreateUpdateActionsTask#
######org.cloudfoundry.multiapps.controller.persistence.services.ProcessLogger########flowable-async-job-executor-thread-8113###
[DetermineServiceCreateUpdateServiceActionsStep] Service parameters should be updated#

#2.0#2024 04 01 18:02:17.665#Z#DEBUG#com.sap.cloud.lm.sl.xs2.f937e10c-f051-11ee-b31b-eeee0a85a904.OPERATION.DetermineServiceCreateUpdateActionsTask#
######org.cloudfoundry.multiapps.controller.persistence.services.ProcessLogger########flowable-async-job-executor-thread-8113###
[DetermineServiceCreateUpdateServiceActionsStep] New parameters: {
  "HTML5Runtime_enabled" : true,
  "init_data" : {
    "instance" : {
      "destinations" : [ {
        "Authentication" : "********",
        "Name" : "ui5",
        "ProxyType" : "Internet",
        "Type" : "HTTP",
        "URL" : "https://ui5.sap.com"
      } ],
      "existing_destinations_policy" : "update"
    }
  },
  "version" : "1.0.0"
}#

#2.0#2024 04 01 18:02:17.665#Z#DEBUG#com.sap.cloud.lm.sl.xs2.f937e10c-f051-11ee-b31b-eeee0a85a904.OPERATION.DetermineServiceCreateUpdateActionsTask#
######org.cloudfoundry.multiapps.controller.persistence.services.ProcessLogger########flowable-async-job-executor-thread-8113###
Step "Determine update actions" finished#

#2.0#2024 04 01 18:02:17.450#Z#DEBUG#com.sap.cloud.lm.sl.xs2.f937e10c-f051-11ee-b31b-eeee0a85a904.OPERATION.CheckServiceOperationStateTask#
######org.cloudfoundry.multiapps.controller.persistence.services.ProcessLogger########flowable-async-job-executor-thread-7759###
[CheckServiceOperationStateStep] Executing task "CheckServiceOperationStateTask" of process "fa1a9ff7-f051-11ee-8878-eeee0a87bb1e"...#

#2.0#2024 04 01 18:02:17.514#Z#DEBUG#com.sap.cloud.lm.sl.xs2.f937e10c-f051-11ee-b31b-eeee0a85a904.OPERATION.CheckServiceOperationStateTask#
######org.cloudfoundry.multiapps.controller.persistence.services.ProcessLogger########flowable-async-job-executor-thread-7759###
[CheckServiceOperationStateStep] Getting service instance "Products-html5-srv"...#

#2.0#2024 04 01 18:02:17.695#Z#DEBUG#com.sap.cloud.lm.sl.xs2.f937e10c-f051-11ee-b31b-eeee0a85a904.OPERATION.CheckServiceOperationStateTask#
######org.cloudfoundry.multiapps.controller.persistence.services.ProcessLogger########flowable-async-job-executor-thread-7759###
Step "Check for service operations in Progress" finished#

#2.0#2024 04 01 18:02:17.716#Z#DEBUG#com.sap.cloud.lm.sl.xs2.f937e10c-f051-11ee-b31b-eeee0a85a904.OPERATION.UpdateServiceParametersTask#
######org.cloudfoundry.multiapps.controller.persistence.services.ProcessLogger########flowable-async-job-executor-thread-8115###
[UpdateServiceParametersStep] Executing task "UpdateServiceParametersTask" of process "f9f9d1ae-f051-11ee-b31b-eeee0a85a904"...#

#2.0#2024 04 01 18:02:17.719#Z#INFO#com.sap.cloud.lm.sl.xs2.f937e10c-f051-11ee-b31b-eeee0a85a904.OPERATION.UpdateServiceParametersTask#
######org.cloudfoundry.multiapps.controller.persistence.services.ProcessLogger########flowable-async-job-executor-thread-8115###
[UpdateServiceParametersStep] Updating service "Products-destination-service"...#

#2.0#2024 04 01 18:02:17.724#Z#DEBUG#com.sap.cloud.lm.sl.xs2.f937e10c-f051-11ee-b31b-eeee0a85a904.OPERATION.UpdateServiceParametersTask#
######org.cloudfoundry.multiapps.controller.persistence.services.ProcessLogger########flowable-async-job-executor-thread-8115###
[UpdateServiceParametersStep] Updating service parameters for service "Products-destination-service"...#

#2.0#2024 04 01 18:02:17.835#Z#DEBUG#com.sap.cloud.lm.sl.xs2.f937e10c-f051-11ee-b31b-eeee0a85a904.OPERATION.UpdateServiceParametersTask#
######org.cloudfoundry.multiapps.controller.persistence.services.ProcessLogger########flowable-async-job-executor-thread-8115###
[UpdateServiceParametersStep] Service "Products-destination-service" updated#

#2.0#2024 04 01 18:02:17.835#Z#DEBUG#com.sap.cloud.lm.sl.xs2.f937e10c-f051-11ee-b31b-eeee0a85a904.OPERATION.UpdateServiceParametersTask#
######org.cloudfoundry.multiapps.controller.persistence.services.ProcessLogger########flowable-async-job-executor-thread-8115###
[UpdateServiceParametersStep] Triggered service operations: {
  "Products-destination-service" : "UPDATE"
}#

#2.0#2024 04 01 18:02:17.837#Z#DEBUG#com.sap.cloud.lm.sl.xs2.f937e10c-f051-11ee-b31b-eeee0a85a904.OPERATION.UpdateServiceParametersTask#
######org.cloudfoundry.multiapps.controller.persistence.services.ProcessLogger########flowable-async-job-executor-thread-8115###
Step "Update parameters" finished#

#2.0#2024 04 01 18:02:17.726#Z#DEBUG#com.sap.cloud.lm.sl.xs2.f937e10c-f051-11ee-b31b-eeee0a85a904.OPERATION.DetermineServiceCreateUpdateActionsTask#
######org.cloudfoundry.multiapps.controller.persistence.services.ProcessLogger########flowable-async-job-executor-thread-7760###
[DetermineServiceCreateUpdateServiceActionsStep] Executing task "DetermineServiceCreateUpdateActionsTask" of process "fa1a9ff7-f051-11ee-8878-eeee0a87bb1e"...#

#2.0#2024 04 01 18:02:17.727#Z#INFO#com.sap.cloud.lm.sl.xs2.f937e10c-f051-11ee-b31b-eeee0a85a904.OPERATION.DetermineServiceCreateUpdateActionsTask#
######org.cloudfoundry.multiapps.controller.persistence.services.ProcessLogger########flowable-async-job-executor-thread-7760###
[DetermineServiceCreateUpdateServiceActionsStep] Processing service "Products-html5-srv"...#

#2.0#2024 04 01 18:02:17.732#Z#DEBUG#com.sap.cloud.lm.sl.xs2.f937e10c-f051-11ee-b31b-eeee0a85a904.OPERATION.DetermineServiceCreateUpdateActionsTask#
######org.cloudfoundry.multiapps.controller.persistence.services.ProcessLogger########flowable-async-job-executor-thread-7760###
[DetermineServiceCreateUpdateServiceActionsStep] Getting service instance "Products-html5-srv"...#

#2.0#2024 04 01 18:02:17.910#Z#DEBUG#com.sap.cloud.lm.sl.xs2.f937e10c-f051-11ee-b31b-eeee0a85a904.OPERATION.DetermineServiceCreateUpdateActionsTask#
######org.cloudfoundry.multiapps.controller.persistence.services.ProcessLogger########flowable-async-job-executor-thread-7760###
[DetermineServiceCreateUpdateServiceActionsStep] Existing service: {
  "name" : "Products-html5-srv",
  "metadata" : {
    "guid" : "692bf02e-d79d-4bf2-a4de-11350cb419d9",
    "createdAt" : [ 2024, 4, 1, 14, 58, 8 ],
    "updatedAt" : [ 2024, 4, 1, 14, 58, 9 ]
  },
  "v3Metadata" : {
    "annotations" : {
      "mta_id" : "Products",
      "mta_version" : "0.0.1",
      "mta_resource" : "{\"name\":\"Products-repo-host\"}"
    },
    "labels" : {
      "mta_id" : "068f80c7519d0528fb08e82137a72131"
    }
  },
  "label" : "html5-apps-repo",
  "plan" : "app-host",
  "credentials" : "********",
  "tags" : [ ],
  "type" : "managed",
  "lastOperation" : {
    "type" : "CREATE",
    "description" : "",
    "state" : "SUCCEEDED"
  }
}#

#2.0#2024 04 01 18:02:17.910#Z#DEBUG#com.sap.cloud.lm.sl.xs2.f937e10c-f051-11ee-b31b-eeee0a85a904.OPERATION.DetermineServiceCreateUpdateActionsTask#
######org.cloudfoundry.multiapps.controller.persistence.services.ProcessLogger########flowable-async-job-executor-thread-7760###
[DetermineServiceCreateUpdateServiceActionsStep] Getting parameters of service instance "692bf02e-d79d-4bf2-a4de-11350cb419d9"...#

#2.0#2024 04 01 18:02:17.946#Z#WARN#com.sap.cloud.lm.sl.xs2.f937e10c-f051-11ee-b31b-eeee0a85a904.OPERATION.DetermineServiceCreateUpdateActionsTask#
######org.cloudfoundry.multiapps.controller.persistence.services.ProcessLogger########flowable-async-job-executor-thread-7760###
[DetermineServiceCreateUpdateServiceActionsStep] Cannot retrieve service instance parameters of service "Products-html5-srv"#

#2.0#2024 04 01 18:02:17.946#Z#DEBUG#com.sap.cloud.lm.sl.xs2.f937e10c-f051-11ee-b31b-eeee0a85a904.OPERATION.DetermineServiceCreateUpdateActionsTask#
######org.cloudfoundry.multiapps.controller.persistence.services.ProcessLogger########flowable-async-job-executor-thread-7760###
Step "Determine update actions" finished#

#2.0#2024 04 01 18:02:31.979#Z#DEBUG#com.sap.cloud.lm.sl.xs2.f937e10c-f051-11ee-b31b-eeee0a85a904.OPERATION.UpdateServiceParametersTask#
######org.cloudfoundry.multiapps.controller.persistence.services.ProcessLogger########flowable-async-job-executor-thread-7770###
[UpdateServiceParametersStep] Executing task "UpdateServiceParametersTask" of process "f9f9d1ae-f051-11ee-b31b-eeee0a85a904"...#

#2.0#2024 04 01 18:02:31.980#Z#DEBUG#com.sap.cloud.lm.sl.xs2.f937e10c-f051-11ee-b31b-eeee0a85a904.OPERATION.UpdateServiceParametersTask#
######org.cloudfoundry.multiapps.controller.persistence.services.ProcessLogger########flowable-async-job-executor-thread-7770###
[UpdateServiceParametersStep] Polling service operations...#

#2.0#2024 04 01 18:02:31.983#Z#DEBUG#com.sap.cloud.lm.sl.xs2.f937e10c-f051-11ee-b31b-eeee0a85a904.OPERATION.UpdateServiceParametersTask#
######org.cloudfoundry.multiapps.controller.persistence.services.ProcessLogger########flowable-async-job-executor-thread-7770###
[UpdateServiceParametersStep] Getting service instance "Products-destination-service"...#

#2.0#2024 04 01 18:02:32.188#Z#DEBUG#com.sap.cloud.lm.sl.xs2.f937e10c-f051-11ee-b31b-eeee0a85a904.OPERATION.UpdateServiceParametersTask#
######org.cloudfoundry.multiapps.controller.persistence.services.ProcessLogger########flowable-async-job-executor-thread-7770###
[UpdateServiceParametersStep] Last operation for service "Products-destination-service": {
  "type" : "UPDATE",
  "description" : "",
  "state" : "SUCCEEDED"
}#

#2.0#2024 04 01 18:02:32.188#Z#DEBUG#com.sap.cloud.lm.sl.xs2.f937e10c-f051-11ee-b31b-eeee0a85a904.OPERATION.UpdateServiceParametersTask#
######org.cloudfoundry.multiapps.controller.persistence.services.ProcessLogger########flowable-async-job-executor-thread-7770###
[UpdateServiceParametersStep] Service "Products-destination-service" updated#

#2.0#2024 04 01 18:02:32.189#Z#INFO#com.sap.cloud.lm.sl.xs2.f937e10c-f051-11ee-b31b-eeee0a85a904.OPERATION.UpdateServiceParametersTask#
######org.cloudfoundry.multiapps.controller.persistence.services.ProcessLogger########flowable-async-job-executor-thread-7770###
[UpdateServiceParametersStep] 1 of 1 done#

#2.0#2024 04 01 18:02:32.197#Z#DEBUG#com.sap.cloud.lm.sl.xs2.f937e10c-f051-11ee-b31b-eeee0a85a904.OPERATION.UpdateServiceParametersTask#
######org.cloudfoundry.multiapps.controller.persistence.services.ProcessLogger########flowable-async-job-executor-thread-7770###
[UpdateServiceParametersStep] Remaining services to poll: [ ]#

#2.0#2024 04 01 18:02:32.198#Z#DEBUG#com.sap.cloud.lm.sl.xs2.f937e10c-f051-11ee-b31b-eeee0a85a904.OPERATION.UpdateServiceParametersTask#
######org.cloudfoundry.multiapps.controller.persistence.services.ProcessLogger########flowable-async-job-executor-thread-7770###
Step "Update parameters" finished#

#2.0#2024 04 01 18:02:32.461#Z#DEBUG#com.sap.cloud.lm.sl.xs2.f937e10c-f051-11ee-b31b-eeee0a85a904.OPERATION.prepareModulesDeploymentTask#
######org.cloudfoundry.multiapps.controller.persistence.services.ProcessLogger########flowable-async-job-executor-thread-7768###
[PrepareModulesDeploymentStep] Executing task "prepareModulesDeploymentTask" of process "030863ae-f052-11ee-8878-eeee0a87bb1e"...#

#2.0#2024 04 01 18:02:32.463#Z#DEBUG#com.sap.cloud.lm.sl.xs2.f937e10c-f051-11ee-b31b-eeee0a85a904.OPERATION.prepareModulesDeploymentTask#
######org.cloudfoundry.multiapps.controller.persistence.services.ProcessLogger########flowable-async-job-executor-thread-7768###
[PrepareModulesDeploymentStep] Preparing modules deployment...#

#2.0#2024 04 01 18:02:32.468#Z#DEBUG#com.sap.cloud.lm.sl.xs2.f937e10c-f051-11ee-b31b-eeee0a85a904.OPERATION.prepareModulesDeploymentTask#
######org.cloudfoundry.multiapps.controller.persistence.services.ProcessLogger########flowable-async-job-executor-thread-7768###
Step "Prepare Modules Deployment" finished#

#2.0#2024 04 01 18:02:32.605#Z#DEBUG#com.sap.cloud.lm.sl.xs2.f937e10c-f051-11ee-b31b-eeee0a85a904.OPERATION.buildContentDeploymentConfigurationTask#
######org.cloudfoundry.multiapps.controller.persistence.services.ProcessLogger########flowable-async-job-executor-thread-7773###
[BuildContentDeploymentConfigurationStep] Executing task "buildContentDeploymentConfigurationTask" of process "031de810-f052-11ee-8878-eeee0a87bb1e"...#

#2.0#2024 04 01 18:02:32.608#Z#DEBUG#com.sap.cloud.lm.sl.xs2.f937e10c-f051-11ee-b31b-eeee0a85a904.OPERATION.buildContentDeploymentConfigurationTask#
######org.cloudfoundry.multiapps.controller.persistence.services.ProcessLogger########flowable-async-job-executor-thread-7773###
[BuildContentDeploymentConfigurationStep] Getting service key "Products-app-content-Products-repo-host-credentials" for service instance "Products-html5-srv"...#

#2.0#2024 04 01 18:02:32.901#Z#INFO#com.sap.cloud.lm.sl.xs2.f937e10c-f051-11ee-b31b-eeee0a85a904.OPERATION.buildContentDeploymentConfigurationTask#
######org.cloudfoundry.multiapps.controller.persistence.services.ProcessLogger########flowable-async-job-executor-thread-7773###
[BuildContentDeploymentConfigurationStep] Service key "Products-app-content-Products-repo-host-credentials" for service "Products-html5-srv" already exists#

#2.0#2024 04 01 18:02:32.906#Z#DEBUG#com.sap.cloud.lm.sl.xs2.f937e10c-f051-11ee-b31b-eeee0a85a904.OPERATION.buildContentDeploymentConfigurationTask#
######org.cloudfoundry.multiapps.controller.persistence.services.ProcessLogger########flowable-async-job-executor-thread-7773###
Step "Build Content Deployment Configuration" finished#

#2.0#2024 04 01 18:02:32.911#Z#DEBUG#com.sap.cloud.lm.sl.xs2.f937e10c-f051-11ee-b31b-eeee0a85a904.OPERATION.createContentDeployClientConfigurationTask#
######org.cloudfoundry.multiapps.controller.persistence.services.ProcessLogger########flowable-async-job-executor-thread-7773###
[CreateContentDeployClientConfigurationStep] Executing task "createContentDeployClientConfigurationTask" of process "0356f990-f052-11ee-8878-eeee0a87bb1e"...#

#2.0#2024 04 01 18:02:32.911#Z#DEBUG#com.sap.cloud.lm.sl.xs2.f937e10c-f051-11ee-b31b-eeee0a85a904.OPERATION.createContentDeployClientConfigurationTask#
######org.cloudfoundry.multiapps.controller.persistence.services.ProcessLogger########flowable-async-job-executor-thread-7773###
[CreateContentDeployClientConfigurationStep] Content deployer client configuration: {
  "contentDeployerUrl" : "https://html5-apps-repo-dt.cfapps.us10.hana.ondemand.com",
  "uaaClientConfiguration" : {
    "url" : "********",
    "credentials" : "********",
    "authenticationStrategyType" : "********"
  },
  "httpRequestHeaders" : {
    "X-CorrelationID" : "f937e10c-f051-11ee-b31b-eeee0a85a904"
  }
}#

#2.0#2024 04 01 18:02:33.102#Z#DEBUG#com.sap.cloud.lm.sl.xs2.f937e10c-f051-11ee-b31b-eeee0a85a904.OPERATION.createContentDeployClientConfigurationTask#
######org.cloudfoundry.multiapps.controller.persistence.services.ProcessLogger########flowable-async-job-executor-thread-7773###
Step "Create Content Deploy Client Configuration" finished#

#2.0#2024 04 01 18:02:33.105#Z#DEBUG#com.sap.cloud.lm.sl.xs2.f937e10c-f051-11ee-b31b-eeee0a85a904.OPERATION.getContentFromDeploymentDescriptorTask#
######org.cloudfoundry.multiapps.controller.persistence.services.ProcessLogger########flowable-async-job-executor-thread-7773###
[GetContentFromDeploymentDescriptorStep] Executing task "getContentFromDeploymentDescriptorTask" of process "0356f990-f052-11ee-8878-eeee0a87bb1e"...#

#2.0#2024 04 01 18:02:33.105#Z#DEBUG#com.sap.cloud.lm.sl.xs2.f937e10c-f051-11ee-b31b-eeee0a85a904.OPERATION.getContentFromDeploymentDescriptorTask#
######org.cloudfoundry.multiapps.controller.persistence.services.ProcessLogger########flowable-async-job-executor-thread-7773###
Step "Get Content From Deployment Descriptor" finished#

#2.0#2024 04 01 18:02:33.107#Z#DEBUG#com.sap.cloud.lm.sl.xs2.f937e10c-f051-11ee-b31b-eeee0a85a904.OPERATION.uploadContentTask#
######org.cloudfoundry.multiapps.controller.persistence.services.ProcessLogger########flowable-async-job-executor-thread-7773###
[UploadContentStep] Executing task "uploadContentTask" of process "0356f990-f052-11ee-8878-eeee0a87bb1e"...#

#2.0#2024 04 01 18:02:33.108#Z#INFO#com.sap.cloud.lm.sl.xs2.f937e10c-f051-11ee-b31b-eeee0a85a904.OPERATION.uploadContentTask#
######org.cloudfoundry.multiapps.controller.persistence.services.ProcessLogger########flowable-async-job-executor-thread-7773###
[UploadContentStep] Uploading content module "Products-app-content" in target service "Products-repo-host"...#

#2.0#2024 04 01 18:02:33.113#Z#DEBUG#com.sap.cloud.lm.sl.xs2.f937e10c-f051-11ee-b31b-eeee0a85a904.OPERATION.uploadContentTask#
######org.cloudfoundry.multiapps.controller.persistence.services.ProcessLogger########flowable-async-job-executor-thread-7773###
[UploadContentStep] Uploading file "Products-app-content/resources/data.zip" for content module "Products-app-content" in service "Products-repo-host"#

#2.0#2024 04 01 18:02:34.017#Z#DEBUG#com.sap.cloud.lm.sl.xs2.f937e10c-f051-11ee-b31b-eeee0a85a904.OPERATION.uploadContentTask#
######org.cloudfoundry.multiapps.controller.persistence.services.ProcessLogger########flowable-async-job-executor-thread-7773###
[UploadContentStep] Uploaded content: {
  "id" : "17660c19-f8bf-42e5-8e57-6697d97f9794",
  "name" : "content.zip",
  "contentType" : "FILE"
}#

#2.0#2024 04 01 18:02:34.017#Z#DEBUG#com.sap.cloud.lm.sl.xs2.f937e10c-f051-11ee-b31b-eeee0a85a904.OPERATION.uploadContentTask#
######org.cloudfoundry.multiapps.controller.persistence.services.ProcessLogger########flowable-async-job-executor-thread-7773###
Step "Upload Content" finished#

#2.0#2024 04 01 18:02:34.022#Z#DEBUG#com.sap.cloud.lm.sl.xs2.f937e10c-f051-11ee-b31b-eeee0a85a904.OPERATION.startContentDeployTask#
######org.cloudfoundry.multiapps.controller.persistence.services.ProcessLogger########flowable-async-job-executor-thread-7773###
[StartContentDeployStep] Executing task "startContentDeployTask" of process "0356f990-f052-11ee-8878-eeee0a87bb1e"...#

#2.0#2024 04 01 18:02:34.022#Z#INFO#com.sap.cloud.lm.sl.xs2.f937e10c-f051-11ee-b31b-eeee0a85a904.OPERATION.startContentDeployTask#
######org.cloudfoundry.multiapps.controller.persistence.services.ProcessLogger########flowable-async-job-executor-thread-7773###
[StartContentDeployStep] Deploying content module "Products-app-content" in target service "Products-repo-host"...#

#2.0#2024 04 01 18:02:34.280#Z#DEBUG#com.sap.cloud.lm.sl.xs2.f937e10c-f051-11ee-b31b-eeee0a85a904.OPERATION.startContentDeployTask#
######org.cloudfoundry.multiapps.controller.persistence.services.ProcessLogger########flowable-async-job-executor-thread-7773###
Step "Start Content Deploy" finished#

#2.0#2024 04 01 18:02:42.609#Z#DEBUG#com.sap.cloud.lm.sl.xs2.f937e10c-f051-11ee-b31b-eeee0a85a904.OPERATION.startContentDeployTask#
######org.cloudfoundry.multiapps.controller.persistence.services.ProcessLogger########flowable-async-job-executor-thread-8123###
[StartContentDeployStep] Executing task "startContentDeployTask" of process "0356f990-f052-11ee-8878-eeee0a87bb1e"...#

#2.0#2024 04 01 18:02:42.612#Z#DEBUG#com.sap.cloud.lm.sl.xs2.f937e10c-f051-11ee-b31b-eeee0a85a904.OPERATION.startContentDeployTask#
######org.cloudfoundry.multiapps.controller.persistence.services.ProcessLogger########flowable-async-job-executor-thread-8123###
[StartContentDeployStep] Checking status of module content deployment "Products-app-content" in service "Products-repo-host"...#

#2.0#2024 04 01 18:02:43.164#Z#DEBUG#com.sap.cloud.lm.sl.xs2.f937e10c-f051-11ee-b31b-eeee0a85a904.OPERATION.startContentDeployTask#
######org.cloudfoundry.multiapps.controller.persistence.services.ProcessLogger########flowable-async-job-executor-thread-8123###
[StartContentDeployStep] Deleting content deployment resource "17660c19-f8bf-42e5-8e57-6697d97f9794"...#

#2.0#2024 04 01 18:02:43.203#Z#DEBUG#com.sap.cloud.lm.sl.xs2.f937e10c-f051-11ee-b31b-eeee0a85a904.OPERATION.startContentDeployTask#
######org.cloudfoundry.multiapps.controller.persistence.services.ProcessLogger########flowable-async-job-executor-thread-8123###
Step "Start Content Deploy" finished#

#2.0#2024 04 01 18:02:43.685#Z#DEBUG#com.sap.cloud.lm.sl.xs2.f937e10c-f051-11ee-b31b-eeee0a85a904.OPERATION.createSubscriptionsTask#
######org.cloudfoundry.multiapps.controller.persistence.services.ProcessLogger########flowable-async-job-executor-thread-8123###
[CreateSubscriptionsStep] Executing task "createSubscriptionsTask" of process "099861f1-f052-11ee-b31b-eeee0a85a904"...#

#2.0#2024 04 01 18:02:43.687#Z#DEBUG#com.sap.cloud.lm.sl.xs2.f937e10c-f051-11ee-b31b-eeee0a85a904.OPERATION.createSubscriptionsTask#
######org.cloudfoundry.multiapps.controller.persistence.services.ProcessLogger########flowable-async-job-executor-thread-8123###
[CreateSubscriptionsStep] Creating subscriptions...#

#2.0#2024 04 01 18:02:43.688#Z#DEBUG#com.sap.cloud.lm.sl.xs2.f937e10c-f051-11ee-b31b-eeee0a85a904.OPERATION.createSubscriptionsTask#
######org.cloudfoundry.multiapps.controller.persistence.services.ProcessLogger########flowable-async-job-executor-thread-8123###
[CreateSubscriptionsStep] Subscriptions created#

#2.0#2024 04 01 18:02:43.688#Z#DEBUG#com.sap.cloud.lm.sl.xs2.f937e10c-f051-11ee-b31b-eeee0a85a904.OPERATION.createSubscriptionsTask#
######org.cloudfoundry.multiapps.controller.persistence.services.ProcessLogger########flowable-async-job-executor-thread-8123###
Step "Create Subscriptions" finished#

#2.0#2024 04 01 18:02:43.750#Z#DEBUG#com.sap.cloud.lm.sl.xs2.f937e10c-f051-11ee-b31b-eeee0a85a904.OPERATION.deleteSubscriptionsTask#
######org.cloudfoundry.multiapps.controller.persistence.services.ProcessLogger########flowable-async-job-executor-thread-8127###
[DeleteSubscriptionsStep] Executing task "deleteSubscriptionsTask" of process "099861f1-f052-11ee-b31b-eeee0a85a904"...#

#2.0#2024 04 01 18:02:43.754#Z#DEBUG#com.sap.cloud.lm.sl.xs2.f937e10c-f051-11ee-b31b-eeee0a85a904.OPERATION.deleteSubscriptionsTask#
######org.cloudfoundry.multiapps.controller.persistence.services.ProcessLogger########flowable-async-job-executor-thread-8127###
[DeleteSubscriptionsStep] Deleting discontinued subscriptions...#

#2.0#2024 04 01 18:02:43.755#Z#DEBUG#com.sap.cloud.lm.sl.xs2.f937e10c-f051-11ee-b31b-eeee0a85a904.OPERATION.deleteSubscriptionsTask#
######org.cloudfoundry.multiapps.controller.persistence.services.ProcessLogger########flowable-async-job-executor-thread-8127###
[DeleteSubscriptionsStep] Subscriptions to delete: [ ]#

#2.0#2024 04 01 18:02:43.755#Z#DEBUG#com.sap.cloud.lm.sl.xs2.f937e10c-f051-11ee-b31b-eeee0a85a904.OPERATION.deleteSubscriptionsTask#
######org.cloudfoundry.multiapps.controller.persistence.services.ProcessLogger########flowable-async-job-executor-thread-8127###
[DeleteSubscriptionsStep] Deleted discontinued subscriptions#

#2.0#2024 04 01 18:02:43.755#Z#DEBUG#com.sap.cloud.lm.sl.xs2.f937e10c-f051-11ee-b31b-eeee0a85a904.OPERATION.deleteSubscriptionsTask#
######org.cloudfoundry.multiapps.controller.persistence.services.ProcessLogger########flowable-async-job-executor-thread-8127###
Step "Delete Subscriptions" finished#

#2.0#2024 04 01 18:02:43.800#Z#DEBUG#com.sap.cloud.lm.sl.xs2.f937e10c-f051-11ee-b31b-eeee0a85a904.OPERATION.deleteDiscontinuedConfigurationEntriesTask#
######org.cloudfoundry.multiapps.controller.persistence.services.ProcessLogger########flowable-async-job-executor-thread-8124###
[DeleteDiscontinuedConfigurationEntriesStep] Executing task "deleteDiscontinuedConfigurationEntriesTask" of process "099861f1-f052-11ee-b31b-eeee0a85a904"...#

#2.0#2024 04 01 18:02:43.801#Z#DEBUG#com.sap.cloud.lm.sl.xs2.f937e10c-f051-11ee-b31b-eeee0a85a904.OPERATION.deleteDiscontinuedConfigurationEntriesTask#
######org.cloudfoundry.multiapps.controller.persistence.services.ProcessLogger########flowable-async-job-executor-thread-8124###
[DeleteDiscontinuedConfigurationEntriesStep] Deleting discontinued published dependencies...#

#2.0#2024 04 01 18:02:43.838#Z#DEBUG#com.sap.cloud.lm.sl.xs2.f937e10c-f051-11ee-b31b-eeee0a85a904.OPERATION.deleteDiscontinuedConfigurationEntriesTask#
######org.cloudfoundry.multiapps.controller.persistence.services.ProcessLogger########flowable-async-job-executor-thread-8124###
[DeleteDiscontinuedConfigurationEntriesStep] Deleted entries: [ ]#

#2.0#2024 04 01 18:02:43.838#Z#DEBUG#com.sap.cloud.lm.sl.xs2.f937e10c-f051-11ee-b31b-eeee0a85a904.OPERATION.deleteDiscontinuedConfigurationEntriesTask#
######org.cloudfoundry.multiapps.controller.persistence.services.ProcessLogger########flowable-async-job-executor-thread-8124###
[DeleteDiscontinuedConfigurationEntriesStep] Discontinued published dependencies deleted#

#2.0#2024 04 01 18:02:43.838#Z#DEBUG#com.sap.cloud.lm.sl.xs2.f937e10c-f051-11ee-b31b-eeee0a85a904.OPERATION.deleteDiscontinuedConfigurationEntriesTask#
######org.cloudfoundry.multiapps.controller.persistence.services.ProcessLogger########flowable-async-job-executor-thread-8124###
Step "Delete Discontinued Configuration Entries" finished#

#2.0#2024 04 01 18:02:43.847#Z#WARN#com.sap.cloud.lm.sl.xs2.f937e10c-f051-11ee-b31b-eeee0a85a904.OPERATION.deleteDiscontinuedConfigurationEntriesTask#
######org.cloudfoundry.multiapps.controller.persistence.services.ProcessLogger########flowable-async-job-executor-thread-8124###
[DoNotDeleteServicesListener] Skipping deletion of services, because the command line option "--delete-services" is not specified.#

#2.0#2024 04 01 18:02:43.910#Z#DEBUG#com.sap.cloud.lm.sl.xs2.f937e10c-f051-11ee-b31b-eeee0a85a904.OPERATION.detachServicesFromMtaTask#
######org.cloudfoundry.multiapps.controller.persistence.services.ProcessLogger########flowable-async-job-executor-thread-8124###
[DetachServicesFromMtaStep] Executing task "detachServicesFromMtaTask" of process "09dbd3c0-f052-11ee-b31b-eeee0a85a904"...#

#2.0#2024 04 01 18:02:43.911#Z#DEBUG#com.sap.cloud.lm.sl.xs2.f937e10c-f051-11ee-b31b-eeee0a85a904.OPERATION.detachServicesFromMtaTask#
######org.cloudfoundry.multiapps.controller.persistence.services.ProcessLogger########flowable-async-job-executor-thread-8124###
[DetachServicesFromMtaStep] Detaching services from MTA...#

#2.0#2024 04 01 18:02:43.913#Z#DEBUG#com.sap.cloud.lm.sl.xs2.f937e10c-f051-11ee-b31b-eeee0a85a904.OPERATION.detachServicesFromMtaTask#
######org.cloudfoundry.multiapps.controller.persistence.services.ProcessLogger########flowable-async-job-executor-thread-8124###
[DetachServicesFromMtaStep] Getting service instances without auxiliary content by names []...#

#2.0#2024 04 01 18:02:43.913#Z#DEBUG#com.sap.cloud.lm.sl.xs2.f937e10c-f051-11ee-b31b-eeee0a85a904.OPERATION.detachServicesFromMtaTask#
######org.cloudfoundry.multiapps.controller.persistence.services.ProcessLogger########flowable-async-job-executor-thread-8124###
[DetachServicesFromMtaStep] Detached services from MTA#

#2.0#2024 04 01 18:02:43.913#Z#DEBUG#com.sap.cloud.lm.sl.xs2.f937e10c-f051-11ee-b31b-eeee0a85a904.OPERATION.detachServicesFromMtaTask#
######org.cloudfoundry.multiapps.controller.persistence.services.ProcessLogger########flowable-async-job-executor-thread-8124###
Step "Detach Services from MTA" finished#

#2.0#2024 04 01 18:02:43.976#Z#DEBUG#com.sap.cloud.lm.sl.xs2.f937e10c-f051-11ee-b31b-eeee0a85a904.OPERATION.updateSubscribersTask#
######org.cloudfoundry.multiapps.controller.persistence.services.ProcessLogger########flowable-async-job-executor-thread-8124###
[UpdateSubscribersStep] Executing task "updateSubscribersTask" of process "09dbd3c0-f052-11ee-b31b-eeee0a85a904"...#

#2.0#2024 04 01 18:02:43.977#Z#DEBUG#com.sap.cloud.lm.sl.xs2.f937e10c-f051-11ee-b31b-eeee0a85a904.OPERATION.updateSubscribersTask#
######org.cloudfoundry.multiapps.controller.persistence.services.ProcessLogger########flowable-async-job-executor-thread-8124###
[UpdateSubscribersStep] Updating subscribers...#

#2.0#2024 04 01 18:02:44.083#Z#DEBUG#com.sap.cloud.lm.sl.xs2.f937e10c-f051-11ee-b31b-eeee0a85a904.OPERATION.updateSubscribersTask#
######org.cloudfoundry.multiapps.controller.persistence.services.ProcessLogger########flowable-async-job-executor-thread-8124###
[UpdateSubscribersStep] Subscribers updated#

#2.0#2024 04 01 18:02:44.083#Z#DEBUG#com.sap.cloud.lm.sl.xs2.f937e10c-f051-11ee-b31b-eeee0a85a904.OPERATION.updateSubscribersTask#
######org.cloudfoundry.multiapps.controller.persistence.services.ProcessLogger########flowable-async-job-executor-thread-8124###
Step "Update Subscribers" finished#

#2.0#2024 04 01 18:02:44.122#Z#DEBUG#com.sap.cloud.lm.sl.xs2.f937e10c-f051-11ee-b31b-eeee0a85a904.OPERATION.restartSubscribersTask#
######org.cloudfoundry.multiapps.controller.persistence.services.ProcessLogger########flowable-async-job-executor-thread-8121###
[RestartSubscribersStep] Executing task "restartSubscribersTask" of process "09dbd3c0-f052-11ee-b31b-eeee0a85a904"...#

#2.0#2024 04 01 18:02:44.125#Z#DEBUG#com.sap.cloud.lm.sl.xs2.f937e10c-f051-11ee-b31b-eeee0a85a904.OPERATION.restartSubscribersTask#
######org.cloudfoundry.multiapps.controller.persistence.services.ProcessLogger########flowable-async-job-executor-thread-8121###
Step "Restart Subscribers" finished#

#2.0#2024 04 01 18:02:44.181#Z#DEBUG#com.sap.cloud.lm.sl.xs2.f937e10c-f051-11ee-b31b-eeee0a85a904.OPERATION.prepareToRestartServiceBrokerSubscribersTask#
######org.cloudfoundry.multiapps.controller.persistence.services.ProcessLogger########flowable-async-job-executor-thread-8121###
[PrepareToRestartServiceBrokerSubscribersStep] Executing task "prepareToRestartServiceBrokerSubscribersTask" of process "09dbd3c0-f052-11ee-b31b-eeee0a85a904"...#

#2.0#2024 04 01 18:02:44.185#Z#DEBUG#com.sap.cloud.lm.sl.xs2.f937e10c-f051-11ee-b31b-eeee0a85a904.OPERATION.prepareToRestartServiceBrokerSubscribersTask#
######org.cloudfoundry.multiapps.controller.persistence.services.ProcessLogger########flowable-async-job-executor-thread-8121###
Step "Prepare To Restart Service Brokers Subscribers" finished#

